#
# There is insufficient memory for the Java Runtime Environment to continue.
# Native memory allocation (mmap) failed to map 313524224 bytes for Failed to commit area from 0x0000000092b00000 to 0x00000000a5600000 of length 313524224.
# Possible reasons:
#   The system is out of physical RAM or swap space
#   The process is running with CompressedOops enabled, and the Java Heap may be blocking the growth of the native heap
# Possible solutions:
#   Reduce memory load on the system
#   Increase physical memory or swap space
#   Check if swap backing store is full
#   Decrease Java heap size (-Xmx/-Xms)
#   Decrease number of Java threads
#   Decrease Java thread stack sizes (-Xss)
#   Set larger code cache with -XX:ReservedCodeCacheSize=
#   JVM is running with Unscaled Compressed Oops mode in which the Java heap is
#     placed in the first 4GB address space. The Java Heap base address is the
#     maximum limit for the native heap growth. Please use -XX:HeapBaseMinAddress
#     to set the Java Heap base and to place the Java Heap above 4GB virtual address.
# This output file may be truncated or incomplete.
#
#  Out of Memory Error (./src/hotspot/os/windows/os_windows.cpp:3303), pid=12744, tid=13136
#
# JRE version: OpenJDK Runtime Environment (11.0.8+10) (build 11.0.8+10-b944.6842174)
# Java VM: OpenJDK 64-Bit Server VM (11.0.8+10-b944.6842174, mixed mode, tiered, compressed oops, g1 gc, windows-amd64)
# No core dump will be written. Minidumps are not enabled by default on client versions of Windows
#

---------------  S U M M A R Y ------------

Command Line: --add-opens=java.base/java.util=ALL-UNNAMED --add-opens=java.base/java.lang=ALL-UNNAMED --add-opens=java.base/java.lang.invoke=ALL-UNNAMED --add-opens=java.prefs/java.util.prefs=ALL-UNNAMED -Xmx2048m -Dfile.encoding=UTF-8 -Duser.country=US -Duser.language=en -Duser.variant org.gradle.launcher.daemon.bootstrap.GradleDaemon 6.7.1

Host: Intel(R) Core(TM) i3-6006U CPU @ 2.00GHz, 4 cores, 11G,  Windows 10 , 64 bit Build 19041 (10.0.19041.928)
Time: Thu May 27 16:20:01 2021 India Standard Time elapsed time: 6868 seconds (0d 1h 54m 28s)

---------------  T H R E A D  ---------------

Current thread (0x000001dc95eeb800):  VMThread "VM Thread" [stack: 0x0000009054000000,0x0000009054100000] [id=13136]

Stack: [0x0000009054000000,0x0000009054100000]
[error occurred during error reporting (printing stack bounds), id 0xc0000005, EXCEPTION_ACCESS_VIOLATION (0xc0000005) at pc=0x000001dc80000dad]

Native frames: (J=compiled Java code, j=interpreted, Vv=VM code, C=native code)
V  [jvm.dll+0x5de50a]
V  [jvm.dll+0x7122f5]
V  [jvm.dll+0x71384d]
V  [jvm.dll+0x713e65]
V  [jvm.dll+0x713e1b]
V  [jvm.dll+0x5dd958]
V  [jvm.dll+0x5de0f8]
C  [ntdll.dll+0xa217f]
C  [ntdll.dll+0x51454]
C  [ntdll.dll+0xa0cae]
C  0x000001dc80000dad

VM_Operation (0x0000009055efb460): G1CollectForAllocation, mode: safepoint, requested by thread 0x000001dca96c3800


---------------  P R O C E S S  ---------------

Threads class SMR info:
_java_thread_list=0x000001dca4383fa0, length=157, elements={
0x000001dcfbc57000, 0x000001dc95f01000, 0x000001dc95ef5000, 0x000001dc95f06800,
0x000001dc95f07800, 0x000001dc95f08800, 0x000001dc967b9800, 0x000001dc967bf000,
0x000001dc968bf800, 0x000001dc968f1800, 0x000001dc96d59800, 0x000001dc96a65000,
0x000001dc9876d800, 0x000001dc9822e000, 0x000001dc9822f000, 0x000001dc98232000,
0x000001dc9bc93000, 0x000001dc9bc8e000, 0x000001dc96e5b800, 0x000001dc96e62000,
0x000001dc9d3d0800, 0x000001dc9c74e800, 0x000001dc9d3db800, 0x000001dc9ceac000,
0x000001dc9cd8b000, 0x000001dc9cd88800, 0x000001dc9822c800, 0x000001dca3461000,
0x000001dc98230800, 0x000001dc9bc90800, 0x000001dca96ba000, 0x000001dc9bc91000,
0x000001dc9cd8f000, 0x000001dc9cd85000, 0x000001dc98230000, 0x000001dc9822d800,
0x000001dc98231800, 0x000001dc98233000, 0x000001dca96c0800, 0x000001dca96bb800,
0x000001dca96ba800, 0x000001dca96bc800, 0x000001dca96c1000, 0x000001dca96bd000,
0x000001dca96c2000, 0x000001dca96be800, 0x000001dca96bf800, 0x000001dca96c3000,
0x000001dca96c3800, 0x000001dca96be000, 0x000001dca96c4800, 0x000001dca96c5800,
0x000001dca96c7000, 0x000001dca96c6000, 0x000001dca96c7800, 0x000001dca96c8800,
0x000001dca3455800, 0x000001dca3457000, 0x000001dca3458000, 0x000001dca3453000,
0x000001dca3454000, 0x000001dca3454800, 0x000001dca3456800, 0x000001dca3452800,
0x000001dca345e800, 0x000001dca3459800, 0x000001dca345a800, 0x000001dca345d800,
0x000001dca345d000, 0x000001dca345c000, 0x000001dca3459000, 0x000001dca345f800,
0x000001dca3460000, 0x000001dca345b800, 0x000001dc9cea9000, 0x000001dc9cea4000,
0x000001dc9cea3000, 0x000001dc9cea8000, 0x000001dc9cea9800, 0x000001dc9ceaa800,
0x000001dc9cea5800, 0x000001dc9cea5000, 0x000001dc9cea7000, 0x000001dc9ceab800,
0x000001dc9cea6800, 0x000001dc9cead000, 0x000001dc9ceb1000, 0x000001dc9ceae000,
0x000001dc9ceae800, 0x000001dc9ceaf800, 0x000001dc9ceb0000, 0x000001dc96e5f800,
0x000001dc96e5e000, 0x000001dc96e5c000, 0x000001dc96e5d000, 0x000001dc96e5e800,
0x000001dc96e59800, 0x000001dc96e5a800, 0x000001dc96e66000, 0x000001dc96e64800,
0x000001dc96e65000, 0x000001dc96e62800, 0x000001dc96e60000, 0x000001dc96e66800,
0x000001dc96e61000, 0x000001dc96e67800, 0x000001dc96e68800, 0x000001dc9d3d1800,
0x000001dc9d3d2800, 0x000001dc9d3d0000, 0x000001dc9d3cf000, 0x000001dc9d3cc800,
0x000001dc9d3d3000, 0x000001dc9d3cd800, 0x000001dc9d3d9800, 0x000001dc9d3d5800,
0x000001dc9d3d9000, 0x000001dc9d3d4000, 0x000001dc9d3d8000, 0x000001dc9d3d5000,
0x000001dc9d3da800, 0x000001dc9d3d7000, 0x000001dc9d3d6800, 0x000001dc9c755000,
0x000001dc9c752800, 0x000001dc9c751000, 0x000001dc9c753800, 0x000001dc9c74f800,
0x000001dc9c752000, 0x000001dc9c756000, 0x000001dc9c750000, 0x000001dc9c75b800,
0x000001dc9c756800, 0x000001dc9c75a800, 0x000001dc9c75d000, 0x000001dc9c757800,
0x000001dc9c758800, 0x000001dc9c759000, 0x000001dc9c75a000, 0x000001dc9cd87800,
0x000001dc9cd83800, 0x000001dc9cd83000, 0x000001dc9cd89800, 0x000001dc9cd87000,
0x000001dc9cd8a000, 0x000001dc9cd8b800, 0x000001dc9cd90000, 0x000001dc9cd90800,
0x000001dc9cd8c800, 0x000001dc9cd91800, 0x000001dc9cd8d800, 0x000001dc9cd8e000,
0x000001dc9bc8d000, 0x000001dc9bc96000, 0x000001dc9bc93800, 0x000001dc9bc94800,
0x000001dc9bc95800
}

Java Threads: ( => current thread )
  0x000001dcfbc57000 JavaThread "main" [_thread_blocked, id=6272, stack(0x0000009053a00000,0x0000009053b00000)]
  0x000001dc95f01000 JavaThread "Reference Handler" daemon [_thread_blocked, id=10524, stack(0x0000009054100000,0x0000009054200000)]
  0x000001dc95ef5000 JavaThread "Finalizer" daemon [_thread_blocked, id=8640, stack(0x0000009054200000,0x0000009054300000)]
  0x000001dc95f06800 JavaThread "Signal Dispatcher" daemon [_thread_blocked, id=7484, stack(0x0000009054300000,0x0000009054400000)]
  0x000001dc95f07800 JavaThread "Attach Listener" daemon [_thread_blocked, id=7828, stack(0x0000009054400000,0x0000009054500000)]
  0x000001dc95f08800 JavaThread "C2 CompilerThread0" daemon [_thread_blocked, id=2564, stack(0x0000009054500000,0x0000009054600000)]
  0x000001dc967b9800 JavaThread "C1 CompilerThread0" daemon [_thread_blocked, id=1232, stack(0x0000009054600000,0x0000009054700000)]
  0x000001dc967bf000 JavaThread "Sweeper thread" daemon [_thread_blocked, id=13188, stack(0x0000009054700000,0x0000009054800000)]
  0x000001dc968bf800 JavaThread "Common-Cleaner" daemon [_thread_blocked, id=9560, stack(0x0000009054800000,0x0000009054900000)]
  0x000001dc968f1800 JavaThread "Service Thread" daemon [_thread_blocked, id=11752, stack(0x0000009054900000,0x0000009054a00000)]
  0x000001dc96d59800 JavaThread "Daemon health stats" [_thread_blocked, id=7852, stack(0x0000009054f00000,0x0000009055000000)]
  0x000001dc96a65000 JavaThread "Incoming local TCP Connector on port 63542" [_thread_in_native, id=13196, stack(0x0000009055100000,0x0000009055200000)]
  0x000001dc9876d800 JavaThread "Daemon periodic checks" [_thread_blocked, id=7812, stack(0x0000009055200000,0x0000009055300000)]
  0x000001dc9822e000 JavaThread "Cache worker for file hash cache (C:\Users\princ\.gradle\caches\6.7.1\fileHashes)" [_thread_blocked, id=12904, stack(0x0000009055a00000,0x0000009055b00000)]
  0x000001dc9822f000 JavaThread "File lock request listener" [_thread_in_native, id=6064, stack(0x0000009055b00000,0x0000009055c00000)]
  0x000001dc98232000 JavaThread "Cache worker for journal cache (C:\Users\princ\.gradle\caches\journal-1)" [_thread_blocked, id=7636, stack(0x0000009055c00000,0x0000009055d00000)]
  0x000001dc9bc93000 JavaThread "Cache worker for execution history cache (C:\Users\princ\.gradle\caches\6.7.1\executionHistory)" [_thread_blocked, id=1252, stack(0x0000009057600000,0x0000009057700000)]
  0x000001dc9bc8e000 JavaThread "Cache worker for file content cache (C:\Users\princ\.gradle\caches\6.7.1\fileContent)" [_thread_blocked, id=6040, stack(0x0000009057700000,0x0000009057800000)]
  0x000001dc96e5b800 JavaThread "Memory manager" [_thread_blocked, id=10940, stack(0x000000905ca00000,0x000000905cb00000)]
  0x000001dc96e62000 JavaThread "pool-3-thread-1" [_thread_blocked, id=6436, stack(0x000000905cb00000,0x000000905cc00000)]
  0x000001dc9d3d0800 JavaThread "pool-6-thread-1" [_thread_blocked, id=6760, stack(0x000000905c500000,0x000000905c600000)]
  0x000001dc9c74e800 JavaThread "pool-9-thread-1" [_thread_blocked, id=9636, stack(0x000000905c700000,0x000000905c800000)]
  0x000001dc9d3db800 JavaThread "Cache worker for Java compile cache (C:\Users\princ\.gradle\caches\6.7.1\javaCompile)" [_thread_blocked, id=10596, stack(0x000000905d200000,0x000000905d300000)]
  0x000001dc9ceac000 JavaThread "pool-14-thread-1" [_thread_blocked, id=1132, stack(0x000000905c800000,0x000000905c900000)]
  0x000001dc9cd8b000 JavaThread "pool-19-thread-1" [_thread_blocked, id=780, stack(0x000000905c900000,0x000000905ca00000)]
  0x000001dc9cd88800 JavaThread "pool-24-thread-1" [_thread_blocked, id=10736, stack(0x000000905cc00000,0x000000905cd00000)]
  0x000001dc9822c800 JavaThread "pool-29-thread-1" [_thread_blocked, id=10892, stack(0x000000905cd00000,0x000000905ce00000)]
  0x000001dca3461000 JavaThread "pool-34-thread-1" [_thread_blocked, id=784, stack(0x000000905ce00000,0x000000905cf00000)]
  0x000001dc98230800 JavaThread "pool-39-thread-1" [_thread_blocked, id=2984, stack(0x000000905cf00000,0x000000905d000000)]
  0x000001dc9bc90800 JavaThread "pool-44-thread-1" [_thread_blocked, id=11164, stack(0x000000905d000000,0x000000905d100000)]
  0x000001dca96ba000 JavaThread "pool-49-thread-1" [_thread_blocked, id=8936, stack(0x000000905d300000,0x000000905d400000)]
  0x000001dc9bc91000 JavaThread "pool-54-thread-1" [_thread_blocked, id=944, stack(0x000000905d400000,0x000000905d500000)]
  0x000001dc9cd8f000 JavaThread "pool-59-thread-1" [_thread_blocked, id=12032, stack(0x000000905d500000,0x000000905d600000)]
  0x000001dc9cd85000 JavaThread "pool-64-thread-1" [_thread_blocked, id=3576, stack(0x000000905d600000,0x000000905d700000)]
  0x000001dc98230000 JavaThread "ForkJoinPool.commonPool-worker-1" daemon [_thread_blocked, id=11964, stack(0x000000905e400000,0x000000905e500000)]
  0x000001dc9822d800 JavaThread "Daemon Thread 10" [_thread_blocked, id=17428, stack(0x0000009053700000,0x0000009053800000)]
  0x000001dc98231800 JavaThread "Handler for socket connection from /127.0.0.1:63542 to /127.0.0.1:56014" [_thread_in_native, id=15476, stack(0x0000009053800000,0x0000009053900000)]
  0x000001dc98233000 JavaThread "Cancel handler" [_thread_blocked, id=12060, stack(0x0000009053900000,0x0000009053a00000)]
  0x000001dca96c0800 JavaThread "Daemon worker Thread 10" [_thread_blocked, id=17864, stack(0x0000009054e00000,0x0000009054f00000)]
  0x000001dca96bb800 JavaThread "Asynchronous log dispatcher for DefaultDaemonConnection: socket connection from /127.0.0.1:63542 to /127.0.0.1:56014" [_thread_blocked, id=16832, stack(0x0000009055000000,0x0000009055100000)]
  0x000001dca96ba800 JavaThread "Stdin handler" [_thread_blocked, id=7348, stack(0x0000009055300000,0x0000009055400000)]
  0x000001dca96bc800 JavaThread "Thread-1323" [_thread_blocked, id=7592, stack(0x0000009055400000,0x0000009055500000)]
  0x000001dca96c1000 JavaThread "Cache worker for file hash cache (D:\Projects\Walk\.gradle\6.7.1\fileHashes)" [_thread_blocked, id=3476, stack(0x0000009055500000,0x0000009055600000)]
  0x000001dca96bd000 JavaThread "Cache worker for checksums cache (D:\Projects\Walk\.gradle\checksums)" [_thread_blocked, id=3480, stack(0x0000009055600000,0x0000009055700000)]
  0x000001dca96c2000 JavaThread "Cache worker for cache directory md-supplier (C:\Users\princ\.gradle\caches\6.7.1\md-supplier)" [_thread_blocked, id=17320, stack(0x0000009055700000,0x0000009055800000)]
  0x000001dca96be800 JavaThread "Cache worker for cache directory md-rule (C:\Users\princ\.gradle\caches\6.7.1\md-rule)" [_thread_blocked, id=11552, stack(0x0000009055800000,0x0000009055900000)]
  0x000001dca96bf800 JavaThread "Cache worker for Build Output Cleanup Cache (D:\Projects\Walk\.gradle\buildOutputCleanup)" [_thread_blocked, id=16856, stack(0x0000009055900000,0x0000009055a00000)]
  0x000001dca96c3000 JavaThread "Build operations" [_thread_blocked, id=8188, stack(0x0000009055d00000,0x0000009055e00000)]
  0x000001dca96c3800 JavaThread "Build operations Thread 2" [_thread_blocked, id=14984, stack(0x0000009055e00000,0x0000009055f00000)]
  0x000001dca96be000 JavaThread "Build operations Thread 3" [_thread_blocked, id=15240, stack(0x0000009055f00000,0x0000009056000000)]
  0x000001dca96c4800 JavaThread "Build operations Thread 4" [_thread_blocked, id=12836, stack(0x0000009056000000,0x0000009056100000)]
  0x000001dca96c5800 JavaThread "jar transforms Thread 971" [_thread_blocked, id=10000, stack(0x0000009056100000,0x0000009056200000)]
  0x000001dca96c7000 JavaThread "jar transforms Thread 972" [_thread_blocked, id=16912, stack(0x0000009056200000,0x0000009056300000)]
  0x000001dca96c6000 JavaThread "jar transforms Thread 973" [_thread_blocked, id=17104, stack(0x0000009056300000,0x0000009056400000)]
  0x000001dca96c7800 JavaThread "jar transforms Thread 974" [_thread_blocked, id=17108, stack(0x0000009056400000,0x0000009056500000)]
  0x000001dca96c8800 JavaThread "jar transforms Thread 975" [_thread_blocked, id=16932, stack(0x0000009056500000,0x0000009056600000)]
  0x000001dca3455800 JavaThread "jar transforms Thread 976" [_thread_blocked, id=16928, stack(0x0000009056600000,0x0000009056700000)]
  0x000001dca3457000 JavaThread "jar transforms Thread 977" [_thread_blocked, id=9024, stack(0x0000009056700000,0x0000009056800000)]
  0x000001dca3458000 JavaThread "jar transforms Thread 978" [_thread_blocked, id=16848, stack(0x0000009056800000,0x0000009056900000)]
  0x000001dca3453000 JavaThread "jar transforms Thread 979" [_thread_blocked, id=18424, stack(0x0000009056900000,0x0000009056a00000)]
  0x000001dca3454000 JavaThread "jar transforms Thread 980" [_thread_blocked, id=14932, stack(0x0000009056a00000,0x0000009056b00000)]
  0x000001dca3454800 JavaThread "jar transforms Thread 981" [_thread_blocked, id=13548, stack(0x0000009056b00000,0x0000009056c00000)]
  0x000001dca3456800 JavaThread "jar transforms Thread 982" [_thread_blocked, id=12652, stack(0x0000009056c00000,0x0000009056d00000)]
  0x000001dca3452800 JavaThread "jar transforms Thread 983" [_thread_blocked, id=16652, stack(0x0000009056d00000,0x0000009056e00000)]
  0x000001dca345e800 JavaThread "jar transforms Thread 984" [_thread_blocked, id=17312, stack(0x0000009056e00000,0x0000009056f00000)]
  0x000001dca3459800 JavaThread "jar transforms Thread 985" [_thread_blocked, id=18396, stack(0x0000009056f00000,0x0000009057000000)]
  0x000001dca345a800 JavaThread "jar transforms Thread 986" [_thread_blocked, id=17028, stack(0x0000009057000000,0x0000009057100000)]
  0x000001dca345d800 JavaThread "jar transforms Thread 987" [_thread_blocked, id=17416, stack(0x0000009057100000,0x0000009057200000)]
  0x000001dca345d000 JavaThread "jar transforms Thread 988" [_thread_blocked, id=14688, stack(0x0000009057200000,0x0000009057300000)]
  0x000001dca345c000 JavaThread "jar transforms Thread 989" [_thread_blocked, id=2832, stack(0x0000009057300000,0x0000009057400000)]
  0x000001dca3459000 JavaThread "jar transforms Thread 990" [_thread_blocked, id=15520, stack(0x0000009057400000,0x0000009057500000)]
  0x000001dca345f800 JavaThread "jar transforms Thread 991" [_thread_blocked, id=17944, stack(0x0000009057500000,0x0000009057600000)]
  0x000001dca3460000 JavaThread "jar transforms Thread 992" [_thread_blocked, id=18344, stack(0x0000009057800000,0x0000009057900000)]
  0x000001dca345b800 JavaThread "jar transforms Thread 993" [_thread_blocked, id=17332, stack(0x0000009057900000,0x0000009057a00000)]
  0x000001dc9cea9000 JavaThread "jar transforms Thread 994" [_thread_blocked, id=17972, stack(0x0000009057a00000,0x0000009057b00000)]
  0x000001dc9cea4000 JavaThread "jar transforms Thread 995" [_thread_blocked, id=17896, stack(0x0000009057b00000,0x0000009057c00000)]
  0x000001dc9cea3000 JavaThread "jar transforms Thread 996" [_thread_blocked, id=10520, stack(0x0000009057c00000,0x0000009057d00000)]
  0x000001dc9cea8000 JavaThread "jar transforms Thread 997" [_thread_blocked, id=9960, stack(0x0000009057d00000,0x0000009057e00000)]
  0x000001dc9cea9800 JavaThread "jar transforms Thread 998" [_thread_blocked, id=17376, stack(0x0000009057e00000,0x0000009057f00000)]
  0x000001dc9ceaa800 JavaThread "jar transforms Thread 999" [_thread_blocked, id=18040, stack(0x0000009057f00000,0x0000009058000000)]
  0x000001dc9cea5800 JavaThread "jar transforms Thread 1000" [_thread_blocked, id=16500, stack(0x0000009058000000,0x0000009058100000)]
  0x000001dc9cea5000 JavaThread "jar transforms Thread 1001" [_thread_blocked, id=8128, stack(0x0000009058100000,0x0000009058200000)]
  0x000001dc9cea7000 JavaThread "jar transforms Thread 1002" [_thread_blocked, id=17124, stack(0x0000009058200000,0x0000009058300000)]
  0x000001dc9ceab800 JavaThread "jar transforms Thread 1003" [_thread_blocked, id=3844, stack(0x0000009058300000,0x0000009058400000)]
  0x000001dc9cea6800 JavaThread "jar transforms Thread 1004" [_thread_blocked, id=17452, stack(0x0000009058400000,0x0000009058500000)]
  0x000001dc9cead000 JavaThread "jar transforms Thread 1005" [_thread_blocked, id=17448, stack(0x0000009058500000,0x0000009058600000)]
  0x000001dc9ceb1000 JavaThread "jar transforms Thread 1006" [_thread_blocked, id=11532, stack(0x0000009058600000,0x0000009058700000)]
  0x000001dc9ceae000 JavaThread "jar transforms Thread 1007" [_thread_blocked, id=11756, stack(0x0000009058700000,0x0000009058800000)]
  0x000001dc9ceae800 JavaThread "jar transforms Thread 1008" [_thread_blocked, id=10924, stack(0x0000009058800000,0x0000009058900000)]
  0x000001dc9ceaf800 JavaThread "jar transforms Thread 1009" [_thread_blocked, id=8384, stack(0x0000009058900000,0x0000009058a00000)]
  0x000001dc9ceb0000 JavaThread "jar transforms Thread 1010" [_thread_blocked, id=5416, stack(0x0000009058a00000,0x0000009058b00000)]
  0x000001dc96e5f800 JavaThread "jar transforms Thread 1011" [_thread_blocked, id=16812, stack(0x0000009058b00000,0x0000009058c00000)]
  0x000001dc96e5e000 JavaThread "jar transforms Thread 1012" [_thread_blocked, id=14664, stack(0x0000009058c00000,0x0000009058d00000)]
  0x000001dc96e5c000 JavaThread "jar transforms Thread 1013" [_thread_blocked, id=17056, stack(0x0000009058d00000,0x0000009058e00000)]
  0x000001dc96e5d000 JavaThread "jar transforms Thread 1014" [_thread_blocked, id=924, stack(0x0000009058e00000,0x0000009058f00000)]
  0x000001dc96e5e800 JavaThread "jar transforms Thread 1015" [_thread_blocked, id=18312, stack(0x0000009058f00000,0x0000009059000000)]
  0x000001dc96e59800 JavaThread "jar transforms Thread 1016" [_thread_blocked, id=2924, stack(0x0000009059000000,0x0000009059100000)]
  0x000001dc96e5a800 JavaThread "jar transforms Thread 1017" [_thread_blocked, id=18308, stack(0x0000009059100000,0x0000009059200000)]
  0x000001dc96e66000 JavaThread "jar transforms Thread 1018" [_thread_blocked, id=8920, stack(0x0000009059200000,0x0000009059300000)]
  0x000001dc96e64800 JavaThread "jar transforms Thread 1019" [_thread_blocked, id=18428, stack(0x0000009059300000,0x0000009059400000)]
  0x000001dc96e65000 JavaThread "jar transforms Thread 1020" [_thread_blocked, id=13128, stack(0x0000009059400000,0x0000009059500000)]
  0x000001dc96e62800 JavaThread "jar transforms Thread 1021" [_thread_blocked, id=18188, stack(0x0000009059500000,0x0000009059600000)]
  0x000001dc96e60000 JavaThread "jar transforms Thread 1022" [_thread_blocked, id=9696, stack(0x0000009059600000,0x0000009059700000)]
  0x000001dc96e66800 JavaThread "jar transforms Thread 1023" [_thread_blocked, id=17768, stack(0x0000009059700000,0x0000009059800000)]
  0x000001dc96e61000 JavaThread "jar transforms Thread 1024" [_thread_blocked, id=17760, stack(0x0000009059800000,0x0000009059900000)]
  0x000001dc96e67800 JavaThread "jar transforms Thread 1025" [_thread_blocked, id=17356, stack(0x0000009059900000,0x0000009059a00000)]
  0x000001dc96e68800 JavaThread "jar transforms Thread 1026" [_thread_blocked, id=14964, stack(0x0000009059a00000,0x0000009059b00000)]
  0x000001dc9d3d1800 JavaThread "jar transforms Thread 1027" [_thread_blocked, id=17720, stack(0x0000009059b00000,0x0000009059c00000)]
  0x000001dc9d3d2800 JavaThread "jar transforms Thread 1028" [_thread_blocked, id=14364, stack(0x0000009059c00000,0x0000009059d00000)]
  0x000001dc9d3d0000 JavaThread "jar transforms Thread 1029" [_thread_blocked, id=11936, stack(0x0000009059d00000,0x0000009059e00000)]
  0x000001dc9d3cf000 JavaThread "jar transforms Thread 1030" [_thread_blocked, id=17296, stack(0x0000009059e00000,0x0000009059f00000)]
  0x000001dc9d3cc800 JavaThread "jar transforms Thread 1031" [_thread_blocked, id=16376, stack(0x0000009059f00000,0x000000905a000000)]
  0x000001dc9d3d3000 JavaThread "jar transforms Thread 1032" [_thread_blocked, id=7644, stack(0x000000905a000000,0x000000905a100000)]
  0x000001dc9d3cd800 JavaThread "jar transforms Thread 1033" [_thread_blocked, id=952, stack(0x000000905a100000,0x000000905a200000)]
  0x000001dc9d3d9800 JavaThread "jar transforms Thread 1034" [_thread_blocked, id=11696, stack(0x000000905a200000,0x000000905a300000)]
  0x000001dc9d3d5800 JavaThread "jar transforms Thread 1035" [_thread_blocked, id=14372, stack(0x000000905a300000,0x000000905a400000)]
  0x000001dc9d3d9000 JavaThread "jar transforms Thread 1036" [_thread_blocked, id=14680, stack(0x000000905a400000,0x000000905a500000)]
  0x000001dc9d3d4000 JavaThread "jar transforms Thread 1037" [_thread_blocked, id=16412, stack(0x000000905a500000,0x000000905a600000)]
  0x000001dc9d3d8000 JavaThread "jar transforms Thread 1038" [_thread_blocked, id=17872, stack(0x000000905a600000,0x000000905a700000)]
  0x000001dc9d3d5000 JavaThread "jar transforms Thread 1039" [_thread_blocked, id=2500, stack(0x000000905a700000,0x000000905a800000)]
  0x000001dc9d3da800 JavaThread "jar transforms Thread 1040" [_thread_blocked, id=2768, stack(0x000000905a800000,0x000000905a900000)]
  0x000001dc9d3d7000 JavaThread "jar transforms Thread 1041" [_thread_blocked, id=5432, stack(0x000000905a900000,0x000000905aa00000)]
  0x000001dc9d3d6800 JavaThread "jar transforms Thread 1042" [_thread_blocked, id=16732, stack(0x000000905aa00000,0x000000905ab00000)]
  0x000001dc9c755000 JavaThread "jar transforms Thread 1043" [_thread_blocked, id=5868, stack(0x000000905ab00000,0x000000905ac00000)]
  0x000001dc9c752800 JavaThread "jar transforms Thread 1044" [_thread_blocked, id=9472, stack(0x000000905ac00000,0x000000905ad00000)]
  0x000001dc9c751000 JavaThread "jar transforms Thread 1045" [_thread_blocked, id=1256, stack(0x000000905ad00000,0x000000905ae00000)]
  0x000001dc9c753800 JavaThread "jar transforms Thread 1046" [_thread_blocked, id=8704, stack(0x000000905ae00000,0x000000905af00000)]
  0x000001dc9c74f800 JavaThread "jar transforms Thread 1047" [_thread_blocked, id=11052, stack(0x000000905af00000,0x000000905b000000)]
  0x000001dc9c752000 JavaThread "jar transforms Thread 1048" [_thread_blocked, id=6504, stack(0x000000905b000000,0x000000905b100000)]
  0x000001dc9c756000 JavaThread "jar transforms Thread 1049" [_thread_blocked, id=16508, stack(0x000000905b100000,0x000000905b200000)]
  0x000001dc9c750000 JavaThread "jar transforms Thread 1050" [_thread_blocked, id=1176, stack(0x000000905b200000,0x000000905b300000)]
  0x000001dc9c75b800 JavaThread "jar transforms Thread 1051" [_thread_blocked, id=13920, stack(0x000000905b300000,0x000000905b400000)]
  0x000001dc9c756800 JavaThread "jar transforms Thread 1052" [_thread_blocked, id=18008, stack(0x000000905b400000,0x000000905b500000)]
  0x000001dc9c75a800 JavaThread "jar transforms Thread 1053" [_thread_blocked, id=18388, stack(0x000000905b500000,0x000000905b600000)]
  0x000001dc9c75d000 JavaThread "jar transforms Thread 1054" [_thread_blocked, id=16880, stack(0x000000905b600000,0x000000905b700000)]
  0x000001dc9c757800 JavaThread "jar transforms Thread 1055" [_thread_blocked, id=18016, stack(0x000000905b700000,0x000000905b800000)]
  0x000001dc9c758800 JavaThread "jar transforms Thread 1056" [_thread_blocked, id=17880, stack(0x000000905b800000,0x000000905b900000)]
  0x000001dc9c759000 JavaThread "jar transforms Thread 1057" [_thread_blocked, id=17856, stack(0x000000905b900000,0x000000905ba00000)]
  0x000001dc9c75a000 JavaThread "jar transforms Thread 1058" [_thread_blocked, id=17748, stack(0x000000905ba00000,0x000000905bb00000)]
  0x000001dc9cd87800 JavaThread "jar transforms Thread 1059" [_thread_blocked, id=17832, stack(0x000000905bb00000,0x000000905bc00000)]
  0x000001dc9cd83800 JavaThread "jar transforms Thread 1060" [_thread_blocked, id=17540, stack(0x000000905bc00000,0x000000905bd00000)]
  0x000001dc9cd83000 JavaThread "jar transforms Thread 1061" [_thread_blocked, id=12036, stack(0x000000905bd00000,0x000000905be00000)]
  0x000001dc9cd89800 JavaThread "jar transforms Thread 1062" [_thread_blocked, id=16712, stack(0x000000905be00000,0x000000905bf00000)]
  0x000001dc9cd87000 JavaThread "jar transforms Thread 1063" [_thread_blocked, id=5504, stack(0x000000905bf00000,0x000000905c000000)]
  0x000001dc9cd8a000 JavaThread "jar transforms Thread 1064" [_thread_blocked, id=16484, stack(0x000000905c000000,0x000000905c100000)]
  0x000001dc9cd8b800 JavaThread "jar transforms Thread 1065" [_thread_blocked, id=17492, stack(0x000000905c100000,0x000000905c200000)]
  0x000001dc9cd90000 JavaThread "jar transforms Thread 1066" [_thread_blocked, id=1804, stack(0x000000905c200000,0x000000905c300000)]
  0x000001dc9cd90800 JavaThread "jar transforms Thread 1067" [_thread_blocked, id=2140, stack(0x000000905c300000,0x000000905c400000)]
  0x000001dc9cd8c800 JavaThread "build event listener" [_thread_blocked, id=3956, stack(0x000000905c400000,0x000000905c500000)]
  0x000001dc9cd91800 JavaThread "pool-68-thread-1" [_thread_blocked, id=4476, stack(0x000000905c600000,0x000000905c700000)]
  0x000001dc9cd8d800 JavaThread "build event listener" [_thread_blocked, id=9116, stack(0x000000905d700000,0x000000905d800000)]
  0x000001dc9cd8e000 JavaThread "Execution worker for ':'" [_thread_blocked, id=10376, stack(0x000000905d800000,0x000000905d900000)]
  0x000001dc9bc8d000 JavaThread "Execution worker for ':' Thread 2" [_thread_blocked, id=17764, stack(0x000000905d900000,0x000000905da00000)]
  0x000001dc9bc96000 JavaThread "Execution worker for ':' Thread 3" [_thread_blocked, id=11748, stack(0x000000905da00000,0x000000905db00000)]
  0x000001dc9bc93800 JavaThread "Cache worker for execution history cache (D:\Projects\Walk\.gradle\6.7.1\executionHistory)" [_thread_blocked, id=9112, stack(0x000000905db00000,0x000000905dc00000)]
  0x000001dc9bc94800 JavaThread "WorkerExecutor Queue" [_thread_blocked, id=16864, stack(0x000000905dd00000,0x000000905de00000)]
  0x000001dc9bc95800 JavaThread "C2 CompilerThread1" daemon [_thread_blocked, id=17992, stack(0x000000905dc00000,0x000000905dd00000)]

Other Threads:
=>0x000001dc95eeb800 VMThread "VM Thread" [stack: 0x0000009054000000,0x0000009054100000] [id=13136]
  0x000001dc968f3000 WatcherThread [stack: 0x0000009054a00000,0x0000009054b00000] [id=12796]
  0x000001dcfbc6f800 GCTaskThread "GC Thread#0" [stack: 0x0000009053b00000,0x0000009053c00000] [id=11728]
  0x000001dc96f1e800 GCTaskThread "GC Thread#1" [stack: 0x0000009054b00000,0x0000009054c00000] [id=5540]
  0x000001dc96f1f800 GCTaskThread "GC Thread#2" [stack: 0x0000009054c00000,0x0000009054d00000] [id=10684]
  0x000001dc96f20000 GCTaskThread "GC Thread#3" [stack: 0x0000009054d00000,0x0000009054e00000] [id=6904]
  0x000001dcfbca3000 ConcurrentGCThread "G1 Main Marker" [stack: 0x0000009053c00000,0x0000009053d00000] [id=13148]
  0x000001dcfbca5000 ConcurrentGCThread "G1 Conc#0" [stack: 0x0000009053d00000,0x0000009053e00000] [id=11124]
  0x000001dc95d39800 ConcurrentGCThread "G1 Refine#0" [stack: 0x0000009053e00000,0x0000009053f00000] [id=6896]
  0x000001dc9ab77000 ConcurrentGCThread "G1 Refine#1" [stack: 0x000000905d100000,0x000000905d200000] [id=8944]
  0x000001dc95d3a800 ConcurrentGCThread "G1 Young RemSet Sampling" [stack: 0x0000009053f00000,0x0000009054000000] [id=8908]

Threads with active compile tasks:
C2 CompilerThread06868540 28800       4       com.android.tools.r8.graph.Z0::c (177 bytes)
C2 CompilerThread16868540 28798 %     4       com.android.tools.r8.C.a.a.f::a @ 2576 (6058 bytes)

VM state:at safepoint (normal execution)

VM Mutex/Monitor currently owned by a thread:  ([mutex/lock_event])
[0x000001dcfbc52e90] Threads_lock - owner thread: 0x000001dc95eeb800
[0x000001dcfbc534c0] Heap_lock - owner thread: 0x000001dca96c3800

Heap address: 0x0000000080000000, size: 2048 MB, Compressed Oops mode: 32-bit
Narrow klass base: 0x0000000000000000, Narrow klass shift: 3
Compressed class space size: 1073741824 Address: 0x0000000100000000

Heap:
 garbage-first heap   total 612352K, used 187800K [0x0000000080000000, 0x0000000100000000)
  region size 1024K, 2 young (2048K), 2 survivors (2048K)
 Metaspace       used 142727K, capacity 146477K, committed 146620K, reserved 1177600K
  class space    used 17238K, capacity 18554K, committed 18584K, reserved 1048576K
Heap Regions: E=young(eden), S=young(survivor), O=old, HS=humongous(starts), HC=humongous(continues), CS=collection set, F=free, A=archive, TAMS=top-at-mark-start (previous, next)
|   0|0x0000000080000000, 0x0000000080100000, 0x0000000080100000|100%| O|  |TAMS 0x0000000080100000, 0x0000000080000000| Untracked 
|   1|0x0000000080100000, 0x0000000080200000, 0x0000000080200000|100%| O|  |TAMS 0x0000000080200000, 0x0000000080100000| Untracked 
|   2|0x0000000080200000, 0x0000000080300000, 0x0000000080300000|100%| O|  |TAMS 0x0000000080300000, 0x0000000080200000| Untracked 
|   3|0x0000000080300000, 0x0000000080400000, 0x0000000080400000|100%|HS|  |TAMS 0x0000000080400000, 0x0000000080300000| Complete 
|   4|0x0000000080400000, 0x0000000080500000, 0x0000000080500000|100%|HC|  |TAMS 0x0000000080500000, 0x0000000080400000| Complete 
|   5|0x0000000080500000, 0x0000000080600000, 0x0000000080600000|100%|HC|  |TAMS 0x0000000080600000, 0x0000000080500000| Complete 
|   6|0x0000000080600000, 0x0000000080700000, 0x0000000080700000|100%| O|  |TAMS 0x0000000080700000, 0x0000000080600000| Untracked 
|   7|0x0000000080700000, 0x0000000080800000, 0x0000000080800000|100%| O|  |TAMS 0x0000000080800000, 0x0000000080700000| Untracked 
|   8|0x0000000080800000, 0x0000000080900000, 0x0000000080900000|100%| O|  |TAMS 0x0000000080900000, 0x0000000080800000| Untracked 
|   9|0x0000000080900000, 0x0000000080a00000, 0x0000000080a00000|100%| O|  |TAMS 0x0000000080a00000, 0x0000000080900000| Untracked 
|  10|0x0000000080a00000, 0x0000000080b00000, 0x0000000080b00000|100%| O|  |TAMS 0x0000000080b00000, 0x0000000080a00000| Untracked 
|  11|0x0000000080b00000, 0x0000000080c00000, 0x0000000080c00000|100%| O|  |TAMS 0x0000000080c00000, 0x0000000080b00000| Untracked 
|  12|0x0000000080c00000, 0x0000000080d00000, 0x0000000080d00000|100%| O|  |TAMS 0x0000000080d00000, 0x0000000080c00000| Untracked 
|  13|0x0000000080d00000, 0x0000000080e00000, 0x0000000080e00000|100%|HS|  |TAMS 0x0000000080e00000, 0x0000000080d00000| Complete 
|  14|0x0000000080e00000, 0x0000000080f00000, 0x0000000080f00000|100%|HC|  |TAMS 0x0000000080f00000, 0x0000000080e00000| Complete 
|  15|0x0000000080f00000, 0x0000000081000000, 0x0000000081000000|100%|HS|  |TAMS 0x0000000081000000, 0x0000000080f00000| Complete 
|  16|0x0000000081000000, 0x0000000081100000, 0x0000000081100000|100%|HC|  |TAMS 0x0000000081100000, 0x0000000081000000| Complete 
|  17|0x0000000081100000, 0x0000000081200000, 0x0000000081200000|100%|HC|  |TAMS 0x0000000081200000, 0x0000000081100000| Complete 
|  18|0x0000000081200000, 0x0000000081300000, 0x0000000081300000|100%|HS|  |TAMS 0x0000000081300000, 0x0000000081200000| Complete 
|  19|0x0000000081300000, 0x0000000081400000, 0x0000000081400000|100%|HC|  |TAMS 0x0000000081400000, 0x0000000081300000| Complete 
|  20|0x0000000081400000, 0x0000000081500000, 0x0000000081500000|100%|HC|  |TAMS 0x0000000081500000, 0x0000000081400000| Complete 
|  21|0x0000000081500000, 0x0000000081600000, 0x0000000081600000|100%|HC|  |TAMS 0x0000000081600000, 0x0000000081500000| Complete 
|  22|0x0000000081600000, 0x0000000081700000, 0x0000000081700000|100%|HS|  |TAMS 0x0000000081700000, 0x0000000081600000| Complete 
|  23|0x0000000081700000, 0x0000000081800000, 0x0000000081800000|100%| O|  |TAMS 0x0000000081800000, 0x0000000081700000| Untracked 
|  24|0x0000000081800000, 0x0000000081900000, 0x0000000081900000|100%| O|  |TAMS 0x0000000081900000, 0x0000000081800000| Untracked 
|  25|0x0000000081900000, 0x0000000081a00000, 0x0000000081a00000|100%| O|  |TAMS 0x0000000081900000, 0x0000000081900000| Untracked 
|  26|0x0000000081a00000, 0x0000000081b00000, 0x0000000081b00000|100%| O|  |TAMS 0x0000000081a00000, 0x0000000081a00000| Untracked 
|  27|0x0000000081b00000, 0x0000000081c00000, 0x0000000081c00000|100%| O|  |TAMS 0x0000000081b00000, 0x0000000081b00000| Untracked 
|  28|0x0000000081c00000, 0x0000000081d00000, 0x0000000081d00000|100%| O|  |TAMS 0x0000000081c00000, 0x0000000081c00000| Untracked 
|  29|0x0000000081d00000, 0x0000000081e00000, 0x0000000081e00000|100%| O|  |TAMS 0x0000000081d00000, 0x0000000081d00000| Untracked 
|  30|0x0000000081e00000, 0x0000000081f00000, 0x0000000081f00000|100%| O|  |TAMS 0x0000000081e00000, 0x0000000081e00000| Untracked 
|  31|0x0000000081f00000, 0x0000000082000000, 0x0000000082000000|100%| O|  |TAMS 0x0000000081f00000, 0x0000000081f00000| Untracked 
|  32|0x0000000082000000, 0x0000000082100000, 0x0000000082100000|100%| O|  |TAMS 0x0000000082100000, 0x0000000082000000| Untracked 
|  33|0x0000000082100000, 0x0000000082200000, 0x0000000082200000|100%| O|  |TAMS 0x0000000082200000, 0x0000000082100000| Untracked 
|  34|0x0000000082200000, 0x0000000082300000, 0x0000000082300000|100%| O|  |TAMS 0x0000000082300000, 0x0000000082200000| Untracked 
|  35|0x0000000082300000, 0x0000000082400000, 0x0000000082400000|100%| O|  |TAMS 0x0000000082400000, 0x0000000082300000| Untracked 
|  36|0x0000000082400000, 0x0000000082500000, 0x0000000082500000|100%| O|  |TAMS 0x0000000082500000, 0x0000000082400000| Untracked 
|  37|0x0000000082500000, 0x0000000082600000, 0x0000000082600000|100%| O|  |TAMS 0x0000000082600000, 0x0000000082500000| Untracked 
|  38|0x0000000082600000, 0x0000000082700000, 0x0000000082700000|100%| O|  |TAMS 0x0000000082700000, 0x0000000082600000| Untracked 
|  39|0x0000000082700000, 0x0000000082800000, 0x0000000082800000|100%| O|  |TAMS 0x0000000082800000, 0x0000000082700000| Untracked 
|  40|0x0000000082800000, 0x0000000082900000, 0x0000000082900000|100%|HS|  |TAMS 0x0000000082900000, 0x0000000082800000| Complete 
|  41|0x0000000082900000, 0x0000000082a00000, 0x0000000082a00000|100%|HC|  |TAMS 0x0000000082a00000, 0x0000000082900000| Complete 
|  42|0x0000000082a00000, 0x0000000082b00000, 0x0000000082b00000|100%| O|  |TAMS 0x0000000082b00000, 0x0000000082a00000| Untracked 
|  43|0x0000000082b00000, 0x0000000082c00000, 0x0000000082c00000|100%| O|  |TAMS 0x0000000082c00000, 0x0000000082b00000| Untracked 
|  44|0x0000000082c00000, 0x0000000082d00000, 0x0000000082d00000|100%| O|  |TAMS 0x0000000082d00000, 0x0000000082c00000| Untracked 
|  45|0x0000000082d00000, 0x0000000082e00000, 0x0000000082e00000|100%| O|  |TAMS 0x0000000082d00000, 0x0000000082d00000| Untracked 
|  46|0x0000000082e00000, 0x0000000082f00000, 0x0000000082f00000|100%| O|  |TAMS 0x0000000082f00000, 0x0000000082e00000| Untracked 
|  47|0x0000000082f00000, 0x0000000083000000, 0x0000000083000000|100%| O|  |TAMS 0x0000000083000000, 0x0000000082f00000| Untracked 
|  48|0x0000000083000000, 0x0000000083100000, 0x0000000083100000|100%| O|  |TAMS 0x0000000083000000, 0x0000000083000000| Untracked 
|  49|0x0000000083100000, 0x0000000083200000, 0x0000000083200000|100%| O|  |TAMS 0x0000000083200000, 0x0000000083100000| Untracked 
|  50|0x0000000083200000, 0x0000000083300000, 0x0000000083300000|100%| O|  |TAMS 0x0000000083300000, 0x0000000083200000| Untracked 
|  51|0x0000000083300000, 0x0000000083400000, 0x0000000083400000|100%| O|  |TAMS 0x0000000083400000, 0x0000000083300000| Untracked 
|  52|0x0000000083400000, 0x0000000083500000, 0x0000000083500000|100%| O|  |TAMS 0x0000000083500000, 0x0000000083400000| Untracked 
|  53|0x0000000083500000, 0x0000000083600000, 0x0000000083600000|100%| O|  |TAMS 0x0000000083600000, 0x0000000083500000| Untracked 
|  54|0x0000000083600000, 0x0000000083700000, 0x0000000083700000|100%| O|  |TAMS 0x0000000083700000, 0x0000000083600000| Untracked 
|  55|0x0000000083700000, 0x0000000083800000, 0x0000000083800000|100%| O|  |TAMS 0x0000000083800000, 0x0000000083700000| Untracked 
|  56|0x0000000083800000, 0x0000000083900000, 0x0000000083900000|100%| O|  |TAMS 0x0000000083900000, 0x0000000083800000| Untracked 
|  57|0x0000000083900000, 0x0000000083a00000, 0x0000000083a00000|100%| O|  |TAMS 0x0000000083a00000, 0x0000000083900000| Untracked 
|  58|0x0000000083a00000, 0x0000000083b00000, 0x0000000083b00000|100%| O|  |TAMS 0x0000000083b00000, 0x0000000083a00000| Untracked 
|  59|0x0000000083b00000, 0x0000000083c00000, 0x0000000083c00000|100%| O|  |TAMS 0x0000000083c00000, 0x0000000083b00000| Untracked 
|  60|0x0000000083c00000, 0x0000000083d00000, 0x0000000083d00000|100%| O|  |TAMS 0x0000000083d00000, 0x0000000083c00000| Untracked 
|  61|0x0000000083d00000, 0x0000000083e00000, 0x0000000083e00000|100%| O|  |TAMS 0x0000000083e00000, 0x0000000083d00000| Untracked 
|  62|0x0000000083e00000, 0x0000000083f00000, 0x0000000083f00000|100%| O|  |TAMS 0x0000000083f00000, 0x0000000083e00000| Untracked 
|  63|0x0000000083f00000, 0x0000000084000000, 0x0000000084000000|100%| O|  |TAMS 0x0000000084000000, 0x0000000083f00000| Untracked 
|  64|0x0000000084000000, 0x0000000084100000, 0x0000000084100000|100%| O|  |TAMS 0x0000000084100000, 0x0000000084000000| Untracked 
|  65|0x0000000084100000, 0x0000000084200000, 0x0000000084200000|100%| O|  |TAMS 0x0000000084200000, 0x0000000084100000| Untracked 
|  66|0x0000000084200000, 0x0000000084300000, 0x0000000084300000|100%| O|  |TAMS 0x0000000084300000, 0x0000000084200000| Untracked 
|  67|0x0000000084300000, 0x0000000084400000, 0x0000000084400000|100%| O|  |TAMS 0x0000000084400000, 0x0000000084300000| Untracked 
|  68|0x0000000084400000, 0x0000000084500000, 0x0000000084500000|100%| O|  |TAMS 0x0000000084400000, 0x0000000084400000| Untracked 
|  69|0x0000000084500000, 0x0000000084600000, 0x0000000084600000|100%| O|  |TAMS 0x0000000084500000, 0x0000000084500000| Untracked 
|  70|0x0000000084600000, 0x0000000084700000, 0x0000000084700000|100%| O|  |TAMS 0x0000000084600000, 0x0000000084600000| Untracked 
|  71|0x0000000084700000, 0x0000000084800000, 0x0000000084800000|100%| O|  |TAMS 0x0000000084800000, 0x0000000084700000| Untracked 
|  72|0x0000000084800000, 0x0000000084900000, 0x0000000084900000|100%| O|  |TAMS 0x0000000084900000, 0x0000000084800000| Untracked 
|  73|0x0000000084900000, 0x0000000084a00000, 0x0000000084a00000|100%| O|  |TAMS 0x0000000084a00000, 0x0000000084900000| Untracked 
|  74|0x0000000084a00000, 0x0000000084b00000, 0x0000000084b00000|100%| O|  |TAMS 0x0000000084b00000, 0x0000000084a00000| Untracked 
|  75|0x0000000084b00000, 0x0000000084c00000, 0x0000000084c00000|100%| O|  |TAMS 0x0000000084c00000, 0x0000000084b00000| Untracked 
|  76|0x0000000084c00000, 0x0000000084d00000, 0x0000000084d00000|100%| O|  |TAMS 0x0000000084d00000, 0x0000000084c00000| Untracked 
|  77|0x0000000084d00000, 0x0000000084e00000, 0x0000000084e00000|100%| O|  |TAMS 0x0000000084e00000, 0x0000000084d00000| Untracked 
|  78|0x0000000084e00000, 0x0000000084f00000, 0x0000000084f00000|100%| O|  |TAMS 0x0000000084f00000, 0x0000000084e00000| Untracked 
|  79|0x0000000084f00000, 0x0000000085000000, 0x0000000085000000|100%| O|  |TAMS 0x0000000085000000, 0x0000000084f00000| Untracked 
|  80|0x0000000085000000, 0x0000000085100000, 0x0000000085100000|100%| O|  |TAMS 0x0000000085100000, 0x0000000085000000| Untracked 
|  81|0x0000000085100000, 0x0000000085200000, 0x0000000085200000|100%| O|  |TAMS 0x0000000085200000, 0x0000000085100000| Untracked 
|  82|0x0000000085200000, 0x0000000085300000, 0x0000000085300000|100%| O|  |TAMS 0x0000000085300000, 0x0000000085200000| Untracked 
|  83|0x0000000085300000, 0x0000000085400000, 0x0000000085400000|100%| O|  |TAMS 0x0000000085400000, 0x0000000085300000| Untracked 
|  84|0x0000000085400000, 0x0000000085500000, 0x0000000085500000|100%| O|  |TAMS 0x0000000085500000, 0x0000000085400000| Untracked 
|  85|0x0000000085500000, 0x0000000085600000, 0x0000000085600000|100%| O|  |TAMS 0x0000000085500000, 0x0000000085500000| Untracked 
|  86|0x0000000085600000, 0x0000000085700000, 0x0000000085700000|100%| O|  |TAMS 0x0000000085700000, 0x0000000085600000| Untracked 
|  87|0x0000000085700000, 0x0000000085800000, 0x0000000085800000|100%| O|  |TAMS 0x0000000085700000, 0x0000000085700000| Untracked 
|  88|0x0000000085800000, 0x0000000085900000, 0x0000000085900000|100%| O|  |TAMS 0x0000000085800000, 0x0000000085800000| Untracked 
|  89|0x0000000085900000, 0x0000000085a00000, 0x0000000085a00000|100%| O|  |TAMS 0x0000000085900000, 0x0000000085900000| Untracked 
|  90|0x0000000085a00000, 0x0000000085b00000, 0x0000000085b00000|100%| O|  |TAMS 0x0000000085a00000, 0x0000000085a00000| Untracked 
|  91|0x0000000085b00000, 0x0000000085c00000, 0x0000000085c00000|100%| O|  |TAMS 0x0000000085b00000, 0x0000000085b00000| Untracked 
|  92|0x0000000085c00000, 0x0000000085d00000, 0x0000000085d00000|100%|HS|  |TAMS 0x0000000085c00000, 0x0000000085c00000| Complete 
|  93|0x0000000085d00000, 0x0000000085e00000, 0x0000000085e00000|100%|HC|  |TAMS 0x0000000085d00000, 0x0000000085d00000| Complete 
|  94|0x0000000085e00000, 0x0000000085f00000, 0x0000000085f00000|100%| O|  |TAMS 0x0000000085f00000, 0x0000000085e00000| Untracked 
|  95|0x0000000085f00000, 0x0000000086000000, 0x0000000086000000|100%| O|  |TAMS 0x0000000086000000, 0x0000000085f00000| Untracked 
|  96|0x0000000086000000, 0x0000000086100000, 0x0000000086100000|100%| O|  |TAMS 0x0000000086000000, 0x0000000086000000| Untracked 
|  97|0x0000000086100000, 0x0000000086200000, 0x0000000086200000|100%| O|  |TAMS 0x0000000086100000, 0x0000000086100000| Untracked 
|  98|0x0000000086200000, 0x0000000086300000, 0x0000000086300000|100%| O|  |TAMS 0x0000000086200000, 0x0000000086200000| Untracked 
|  99|0x0000000086300000, 0x0000000086400000, 0x0000000086400000|100%| O|  |TAMS 0x0000000086300000, 0x0000000086300000| Untracked 
| 100|0x0000000086400000, 0x0000000086500000, 0x0000000086500000|100%| O|  |TAMS 0x0000000086400000, 0x0000000086400000| Untracked 
| 101|0x0000000086500000, 0x0000000086600000, 0x0000000086600000|100%| O|  |TAMS 0x0000000086500000, 0x0000000086500000| Untracked 
| 102|0x0000000086600000, 0x0000000086700000, 0x0000000086700000|100%| O|  |TAMS 0x0000000086600000, 0x0000000086600000| Untracked 
| 103|0x0000000086700000, 0x0000000086800000, 0x0000000086800000|100%| O|  |TAMS 0x0000000086700000, 0x0000000086700000| Untracked 
| 104|0x0000000086800000, 0x0000000086900000, 0x0000000086900000|100%| O|  |TAMS 0x0000000086900000, 0x0000000086800000| Untracked 
| 105|0x0000000086900000, 0x0000000086a00000, 0x0000000086a00000|100%| O|  |TAMS 0x0000000086900000, 0x0000000086900000| Untracked 
| 106|0x0000000086a00000, 0x0000000086b00000, 0x0000000086b00000|100%| O|  |TAMS 0x0000000086a00000, 0x0000000086a00000| Untracked 
| 107|0x0000000086b00000, 0x0000000086c00000, 0x0000000086c00000|100%| O|  |TAMS 0x0000000086b00000, 0x0000000086b00000| Untracked 
| 108|0x0000000086c00000, 0x0000000086d00000, 0x0000000086d00000|100%| O|  |TAMS 0x0000000086c00000, 0x0000000086c00000| Untracked 
| 109|0x0000000086d00000, 0x0000000086e00000, 0x0000000086e00000|100%| O|  |TAMS 0x0000000086d00000, 0x0000000086d00000| Untracked 
| 110|0x0000000086e00000, 0x0000000086f00000, 0x0000000086f00000|100%| O|  |TAMS 0x0000000086e00000, 0x0000000086e00000| Untracked 
| 111|0x0000000086f00000, 0x0000000087000000, 0x0000000087000000|100%| O|  |TAMS 0x0000000086f00000, 0x0000000086f00000| Untracked 
| 112|0x0000000087000000, 0x0000000087100000, 0x0000000087100000|100%| O|  |TAMS 0x0000000087100000, 0x0000000087000000| Untracked 
| 113|0x0000000087100000, 0x0000000087200000, 0x0000000087200000|100%| O|  |TAMS 0x0000000087100000, 0x0000000087100000| Untracked 
| 114|0x0000000087200000, 0x0000000087300000, 0x0000000087300000|100%| O|  |TAMS 0x0000000087200000, 0x0000000087200000| Untracked 
| 115|0x0000000087300000, 0x0000000087400000, 0x0000000087400000|100%| O|  |TAMS 0x0000000087300000, 0x0000000087300000| Untracked 
| 116|0x0000000087400000, 0x0000000087500000, 0x0000000087500000|100%| O|  |TAMS 0x0000000087400000, 0x0000000087400000| Untracked 
| 117|0x0000000087500000, 0x0000000087600000, 0x0000000087600000|100%| O|  |TAMS 0x0000000087500000, 0x0000000087500000| Untracked 
| 118|0x0000000087600000, 0x0000000087700000, 0x0000000087700000|100%| O|  |TAMS 0x0000000087700000, 0x0000000087600000| Untracked 
| 119|0x0000000087700000, 0x0000000087800000, 0x0000000087800000|100%| O|  |TAMS 0x0000000087800000, 0x0000000087700000| Untracked 
| 120|0x0000000087800000, 0x0000000087900000, 0x0000000087900000|100%| O|  |TAMS 0x0000000087800000, 0x0000000087800000| Untracked 
| 121|0x0000000087900000, 0x0000000087a00000, 0x0000000087a00000|100%| O|  |TAMS 0x0000000087900000, 0x0000000087900000| Untracked 
| 122|0x0000000087a00000, 0x0000000087b00000, 0x0000000087b00000|100%| O|  |TAMS 0x0000000087a00000, 0x0000000087a00000| Untracked 
| 123|0x0000000087b00000, 0x0000000087c00000, 0x0000000087c00000|100%| O|  |TAMS 0x0000000087b00000, 0x0000000087b00000| Untracked 
| 124|0x0000000087c00000, 0x0000000087d00000, 0x0000000087d00000|100%| O|  |TAMS 0x0000000087d00000, 0x0000000087c00000| Untracked 
| 125|0x0000000087d00000, 0x0000000087e00000, 0x0000000087e00000|100%| O|  |TAMS 0x0000000087e00000, 0x0000000087d00000| Untracked 
| 126|0x0000000087e00000, 0x0000000087f00000, 0x0000000087f00000|100%| O|  |TAMS 0x0000000087e00000, 0x0000000087e00000| Untracked 
| 127|0x0000000087f00000, 0x0000000088000000, 0x0000000088000000|100%| O|  |TAMS 0x0000000087f00000, 0x0000000087f00000| Untracked 
| 128|0x0000000088000000, 0x0000000088100000, 0x0000000088100000|100%| O|  |TAMS 0x0000000088000000, 0x0000000088000000| Untracked 
| 129|0x0000000088100000, 0x0000000088200000, 0x0000000088200000|100%| O|  |TAMS 0x0000000088100000, 0x0000000088100000| Untracked 
| 130|0x0000000088200000, 0x0000000088300000, 0x0000000088300000|100%| O|  |TAMS 0x0000000088200000, 0x0000000088200000| Untracked 
| 131|0x0000000088300000, 0x0000000088400000, 0x0000000088400000|100%| O|  |TAMS 0x0000000088300000, 0x0000000088300000| Untracked 
| 132|0x0000000088400000, 0x0000000088500000, 0x0000000088500000|100%| O|  |TAMS 0x0000000088400000, 0x0000000088400000| Untracked 
| 133|0x0000000088500000, 0x0000000088600000, 0x0000000088600000|100%| O|  |TAMS 0x0000000088500000, 0x0000000088500000| Untracked 
| 134|0x0000000088600000, 0x0000000088700000, 0x0000000088700000|100%| O|  |TAMS 0x0000000088600000, 0x0000000088600000| Untracked 
| 135|0x0000000088700000, 0x0000000088800000, 0x0000000088800000|100%| O|  |TAMS 0x0000000088700000, 0x0000000088700000| Untracked 
| 136|0x0000000088800000, 0x0000000088900000, 0x0000000088900000|100%| O|  |TAMS 0x0000000088800000, 0x0000000088800000| Untracked 
| 137|0x0000000088900000, 0x0000000088a00000, 0x0000000088a00000|100%| O|  |TAMS 0x0000000088900000, 0x0000000088900000| Untracked 
| 138|0x0000000088a00000, 0x0000000088b00000, 0x0000000088b00000|100%| O|  |TAMS 0x0000000088a00000, 0x0000000088a00000| Untracked 
| 139|0x0000000088b00000, 0x0000000088c00000, 0x0000000088c00000|100%| O|  |TAMS 0x0000000088b00000, 0x0000000088b00000| Untracked 
| 140|0x0000000088c00000, 0x0000000088d00000, 0x0000000088d00000|100%| O|  |TAMS 0x0000000088c00000, 0x0000000088c00000| Untracked 
| 141|0x0000000088d00000, 0x0000000088e00000, 0x0000000088e00000|100%| O|  |TAMS 0x0000000088d00000, 0x0000000088d00000| Untracked 
| 142|0x0000000088e00000, 0x0000000088f00000, 0x0000000088f00000|100%| O|  |TAMS 0x0000000088e00000, 0x0000000088e00000| Untracked 
| 143|0x0000000088f00000, 0x0000000089000000, 0x0000000089000000|100%| O|  |TAMS 0x0000000088f00000, 0x0000000088f00000| Untracked 
| 144|0x0000000089000000, 0x0000000089100000, 0x0000000089100000|100%| O|  |TAMS 0x0000000089000000, 0x0000000089000000| Untracked 
| 145|0x0000000089100000, 0x0000000089200000, 0x0000000089200000|100%| O|  |TAMS 0x0000000089100000, 0x0000000089100000| Untracked 
| 146|0x0000000089200000, 0x0000000089300000, 0x0000000089300000|100%| O|  |TAMS 0x0000000089200000, 0x0000000089200000| Untracked 
| 147|0x0000000089300000, 0x0000000089400000, 0x0000000089400000|100%| O|  |TAMS 0x0000000089300000, 0x0000000089300000| Untracked 
| 148|0x0000000089400000, 0x0000000089500000, 0x0000000089500000|100%| O|  |TAMS 0x0000000089400000, 0x0000000089400000| Untracked 
| 149|0x0000000089500000, 0x0000000089600000, 0x0000000089600000|100%| O|  |TAMS 0x0000000089500000, 0x0000000089500000| Untracked 
| 150|0x0000000089600000, 0x0000000089700000, 0x0000000089700000|100%| O|  |TAMS 0x0000000089600000, 0x0000000089600000| Untracked 
| 151|0x0000000089700000, 0x0000000089800000, 0x0000000089800000|100%| O|  |TAMS 0x0000000089700000, 0x0000000089700000| Untracked 
| 152|0x0000000089800000, 0x0000000089900000, 0x0000000089900000|100%| O|  |TAMS 0x0000000089800000, 0x0000000089800000| Untracked 
| 153|0x0000000089900000, 0x0000000089a00000, 0x0000000089a00000|100%| O|  |TAMS 0x0000000089900000, 0x0000000089900000| Untracked 
| 154|0x0000000089a00000, 0x0000000089b00000, 0x0000000089b00000|100%| O|  |TAMS 0x0000000089a00000, 0x0000000089a00000| Untracked 
| 155|0x0000000089b00000, 0x0000000089c00000, 0x0000000089c00000|100%| O|  |TAMS 0x0000000089b00000, 0x0000000089b00000| Untracked 
| 156|0x0000000089c00000, 0x0000000089d00000, 0x0000000089d00000|100%| O|  |TAMS 0x0000000089c00000, 0x0000000089c00000| Untracked 
| 157|0x0000000089d00000, 0x0000000089e00000, 0x0000000089e00000|100%| O|  |TAMS 0x0000000089d00000, 0x0000000089d00000| Untracked 
| 158|0x0000000089e00000, 0x0000000089f00000, 0x0000000089f00000|100%| O|  |TAMS 0x0000000089e00000, 0x0000000089e00000| Untracked 
| 159|0x0000000089f00000, 0x000000008a000000, 0x000000008a000000|100%| O|  |TAMS 0x0000000089f00000, 0x0000000089f00000| Untracked 
| 160|0x000000008a000000, 0x000000008a066208, 0x000000008a100000| 39%| O|  |TAMS 0x000000008a000000, 0x000000008a000000| Untracked 
| 161|0x000000008a100000, 0x000000008a100000, 0x000000008a200000|  0%| F|  |TAMS 0x000000008a100000, 0x000000008a100000| Untracked 
| 162|0x000000008a200000, 0x000000008a200000, 0x000000008a300000|  0%| F|  |TAMS 0x000000008a200000, 0x000000008a200000| Untracked 
| 163|0x000000008a300000, 0x000000008a300000, 0x000000008a400000|  0%| F|  |TAMS 0x000000008a300000, 0x000000008a300000| Untracked 
| 164|0x000000008a400000, 0x000000008a400000, 0x000000008a500000|  0%| F|  |TAMS 0x000000008a400000, 0x000000008a400000| Untracked 
| 165|0x000000008a500000, 0x000000008a500000, 0x000000008a600000|  0%| F|  |TAMS 0x000000008a500000, 0x000000008a500000| Untracked 
| 166|0x000000008a600000, 0x000000008a600000, 0x000000008a700000|  0%| F|  |TAMS 0x000000008a600000, 0x000000008a600000| Untracked 
| 167|0x000000008a700000, 0x000000008a700000, 0x000000008a800000|  0%| F|  |TAMS 0x000000008a700000, 0x000000008a700000| Untracked 
| 168|0x000000008a800000, 0x000000008a800000, 0x000000008a900000|  0%| F|  |TAMS 0x000000008a800000, 0x000000008a800000| Untracked 
| 169|0x000000008a900000, 0x000000008a900000, 0x000000008aa00000|  0%| F|  |TAMS 0x000000008a900000, 0x000000008a900000| Untracked 
| 170|0x000000008aa00000, 0x000000008aa00000, 0x000000008ab00000|  0%| F|  |TAMS 0x000000008aa00000, 0x000000008aa00000| Untracked 
| 171|0x000000008ab00000, 0x000000008ac00000, 0x000000008ac00000|100%| O|  |TAMS 0x000000008ac00000, 0x000000008ab00000| Untracked 
| 172|0x000000008ac00000, 0x000000008ad00000, 0x000000008ad00000|100%| O|  |TAMS 0x000000008ad00000, 0x000000008ac00000| Untracked 
| 173|0x000000008ad00000, 0x000000008ad00000, 0x000000008ae00000|  0%| F|  |TAMS 0x000000008ad00000, 0x000000008ad00000| Untracked 
| 174|0x000000008ae00000, 0x000000008ae00000, 0x000000008af00000|  0%| F|  |TAMS 0x000000008ae00000, 0x000000008ae00000| Untracked 
| 175|0x000000008af00000, 0x000000008af00000, 0x000000008b000000|  0%| F|  |TAMS 0x000000008af00000, 0x000000008af00000| Untracked 
| 176|0x000000008b000000, 0x000000008b000000, 0x000000008b100000|  0%| F|  |TAMS 0x000000008b000000, 0x000000008b000000| Untracked 
| 177|0x000000008b100000, 0x000000008b100000, 0x000000008b200000|  0%| F|  |TAMS 0x000000008b100000, 0x000000008b100000| Untracked 
| 178|0x000000008b200000, 0x000000008b200000, 0x000000008b300000|  0%| F|  |TAMS 0x000000008b200000, 0x000000008b200000| Untracked 
| 179|0x000000008b300000, 0x000000008b300000, 0x000000008b400000|  0%| F|  |TAMS 0x000000008b300000, 0x000000008b300000| Untracked 
| 180|0x000000008b400000, 0x000000008b400000, 0x000000008b500000|  0%| F|  |TAMS 0x000000008b400000, 0x000000008b400000| Untracked 
| 181|0x000000008b500000, 0x000000008b500000, 0x000000008b600000|  0%| F|  |TAMS 0x000000008b500000, 0x000000008b500000| Untracked 
| 182|0x000000008b600000, 0x000000008b600000, 0x000000008b700000|  0%| F|  |TAMS 0x000000008b600000, 0x000000008b600000| Untracked 
| 183|0x000000008b700000, 0x000000008b700000, 0x000000008b800000|  0%| F|  |TAMS 0x000000008b700000, 0x000000008b700000| Untracked 
| 184|0x000000008b800000, 0x000000008b900000, 0x000000008b900000|100%| O|  |TAMS 0x000000008b900000, 0x000000008b800000| Untracked 
| 185|0x000000008b900000, 0x000000008b900000, 0x000000008ba00000|  0%| F|  |TAMS 0x000000008b900000, 0x000000008b900000| Untracked 
| 186|0x000000008ba00000, 0x000000008ba00000, 0x000000008bb00000|  0%| F|  |TAMS 0x000000008ba00000, 0x000000008ba00000| Untracked 
| 187|0x000000008bb00000, 0x000000008bb00000, 0x000000008bc00000|  0%| F|  |TAMS 0x000000008bb00000, 0x000000008bb00000| Untracked 
| 188|0x000000008bc00000, 0x000000008bd00000, 0x000000008bd00000|100%| O|  |TAMS 0x000000008bd00000, 0x000000008bc00000| Untracked 
| 189|0x000000008bd00000, 0x000000008be00000, 0x000000008be00000|100%| O|  |TAMS 0x000000008be00000, 0x000000008bd00000| Untracked 
| 190|0x000000008be00000, 0x000000008bf00000, 0x000000008bf00000|100%| O|  |TAMS 0x000000008bf00000, 0x000000008be00000| Untracked 
| 191|0x000000008bf00000, 0x000000008c000000, 0x000000008c000000|100%| O|  |TAMS 0x000000008c000000, 0x000000008bf00000| Untracked 
| 192|0x000000008c000000, 0x000000008c100000, 0x000000008c100000|100%| O|  |TAMS 0x000000008c100000, 0x000000008c000000| Untracked 
| 193|0x000000008c100000, 0x000000008c200000, 0x000000008c200000|100%| O|  |TAMS 0x000000008c200000, 0x000000008c100000| Untracked 
| 194|0x000000008c200000, 0x000000008c200000, 0x000000008c300000|  0%| F|  |TAMS 0x000000008c200000, 0x000000008c200000| Untracked 
| 195|0x000000008c300000, 0x000000008c300000, 0x000000008c400000|  0%| F|  |TAMS 0x000000008c300000, 0x000000008c300000| Untracked 
| 196|0x000000008c400000, 0x000000008c400000, 0x000000008c500000|  0%| F|  |TAMS 0x000000008c400000, 0x000000008c400000| Untracked 
| 197|0x000000008c500000, 0x000000008c600000, 0x000000008c600000|100%| O|  |TAMS 0x000000008c600000, 0x000000008c500000| Untracked 
| 198|0x000000008c600000, 0x000000008c700000, 0x000000008c700000|100%| O|  |TAMS 0x000000008c700000, 0x000000008c600000| Untracked 
| 199|0x000000008c700000, 0x000000008c800000, 0x000000008c800000|100%| O|  |TAMS 0x000000008c800000, 0x000000008c700000| Untracked 
| 200|0x000000008c800000, 0x000000008c900000, 0x000000008c900000|100%| O|  |TAMS 0x000000008c900000, 0x000000008c800000| Untracked 
| 201|0x000000008c900000, 0x000000008ca00000, 0x000000008ca00000|100%| O|  |TAMS 0x000000008ca00000, 0x000000008c900000| Untracked 
| 202|0x000000008ca00000, 0x000000008cb00000, 0x000000008cb00000|100%| O|  |TAMS 0x000000008cb00000, 0x000000008ca00000| Untracked 
| 203|0x000000008cb00000, 0x000000008cc00000, 0x000000008cc00000|100%| O|  |TAMS 0x000000008cc00000, 0x000000008cb00000| Untracked 
| 204|0x000000008cc00000, 0x000000008cd00000, 0x000000008cd00000|100%| O|  |TAMS 0x000000008cd00000, 0x000000008cc00000| Untracked 
| 205|0x000000008cd00000, 0x000000008ce00000, 0x000000008ce00000|100%| O|  |TAMS 0x000000008ce00000, 0x000000008cd00000| Untracked 
| 206|0x000000008ce00000, 0x000000008cf00000, 0x000000008cf00000|100%| O|  |TAMS 0x000000008cf00000, 0x000000008ce00000| Untracked 
| 207|0x000000008cf00000, 0x000000008d000000, 0x000000008d000000|100%| O|  |TAMS 0x000000008d000000, 0x000000008cf00000| Untracked 
| 208|0x000000008d000000, 0x000000008d100000, 0x000000008d100000|100%| O|  |TAMS 0x000000008d05ec00, 0x000000008d000000| Untracked 
| 209|0x000000008d100000, 0x000000008d100000, 0x000000008d200000|  0%| F|  |TAMS 0x000000008d100000, 0x000000008d100000| Untracked 
| 210|0x000000008d200000, 0x000000008d200000, 0x000000008d300000|  0%| F|  |TAMS 0x000000008d200000, 0x000000008d200000| Untracked 
| 211|0x000000008d300000, 0x000000008d300000, 0x000000008d400000|  0%| F|  |TAMS 0x000000008d300000, 0x000000008d300000| Untracked 
| 212|0x000000008d400000, 0x000000008d400000, 0x000000008d500000|  0%| F|  |TAMS 0x000000008d400000, 0x000000008d400000| Untracked 
| 213|0x000000008d500000, 0x000000008d500000, 0x000000008d600000|  0%| F|  |TAMS 0x000000008d500000, 0x000000008d500000| Untracked 
| 214|0x000000008d600000, 0x000000008d600000, 0x000000008d700000|  0%| F|  |TAMS 0x000000008d600000, 0x000000008d600000| Untracked 
| 215|0x000000008d700000, 0x000000008d700000, 0x000000008d800000|  0%| F|  |TAMS 0x000000008d700000, 0x000000008d700000| Untracked 
| 216|0x000000008d800000, 0x000000008d800000, 0x000000008d900000|  0%| F|  |TAMS 0x000000008d800000, 0x000000008d800000| Untracked 
| 217|0x000000008d900000, 0x000000008d900000, 0x000000008da00000|  0%| F|  |TAMS 0x000000008d900000, 0x000000008d900000| Untracked 
| 218|0x000000008da00000, 0x000000008da00000, 0x000000008db00000|  0%| F|  |TAMS 0x000000008da00000, 0x000000008da00000| Untracked 
| 219|0x000000008db00000, 0x000000008db00000, 0x000000008dc00000|  0%| F|  |TAMS 0x000000008db00000, 0x000000008db00000| Untracked 
| 220|0x000000008dc00000, 0x000000008dc00000, 0x000000008dd00000|  0%| F|  |TAMS 0x000000008dc00000, 0x000000008dc00000| Untracked 
| 221|0x000000008dd00000, 0x000000008dd00000, 0x000000008de00000|  0%| F|  |TAMS 0x000000008dd00000, 0x000000008dd00000| Untracked 
| 222|0x000000008de00000, 0x000000008de00000, 0x000000008df00000|  0%| F|  |TAMS 0x000000008de00000, 0x000000008de00000| Untracked 
| 223|0x000000008df00000, 0x000000008df00000, 0x000000008e000000|  0%| F|  |TAMS 0x000000008df00000, 0x000000008df00000| Untracked 
| 224|0x000000008e000000, 0x000000008e000000, 0x000000008e100000|  0%| F|  |TAMS 0x000000008e000000, 0x000000008e000000| Untracked 
| 225|0x000000008e100000, 0x000000008e100000, 0x000000008e200000|  0%| F|  |TAMS 0x000000008e100000, 0x000000008e100000| Untracked 
| 226|0x000000008e200000, 0x000000008e200000, 0x000000008e300000|  0%| F|  |TAMS 0x000000008e200000, 0x000000008e200000| Untracked 
| 227|0x000000008e300000, 0x000000008e300000, 0x000000008e400000|  0%| F|  |TAMS 0x000000008e300000, 0x000000008e300000| Untracked 
| 228|0x000000008e400000, 0x000000008e400000, 0x000000008e500000|  0%| F|  |TAMS 0x000000008e400000, 0x000000008e400000| Untracked 
| 229|0x000000008e500000, 0x000000008e500000, 0x000000008e600000|  0%| F|  |TAMS 0x000000008e500000, 0x000000008e500000| Untracked 
| 230|0x000000008e600000, 0x000000008e600000, 0x000000008e700000|  0%| F|  |TAMS 0x000000008e600000, 0x000000008e600000| Untracked 
| 231|0x000000008e700000, 0x000000008e700000, 0x000000008e800000|  0%| F|  |TAMS 0x000000008e700000, 0x000000008e700000| Untracked 
| 232|0x000000008e800000, 0x000000008e800000, 0x000000008e900000|  0%| F|  |TAMS 0x000000008e800000, 0x000000008e800000| Untracked 
| 233|0x000000008e900000, 0x000000008e900000, 0x000000008ea00000|  0%| F|  |TAMS 0x000000008e900000, 0x000000008e900000| Untracked 
| 234|0x000000008ea00000, 0x000000008ea00000, 0x000000008eb00000|  0%| F|  |TAMS 0x000000008ea00000, 0x000000008ea00000| Untracked 
| 235|0x000000008eb00000, 0x000000008eb00000, 0x000000008ec00000|  0%| F|  |TAMS 0x000000008eb00000, 0x000000008eb00000| Untracked 
| 236|0x000000008ec00000, 0x000000008ec00000, 0x000000008ed00000|  0%| F|  |TAMS 0x000000008ec00000, 0x000000008ec00000| Untracked 
| 237|0x000000008ed00000, 0x000000008ed00000, 0x000000008ee00000|  0%| F|  |TAMS 0x000000008ed00000, 0x000000008ed00000| Untracked 
| 238|0x000000008ee00000, 0x000000008ee00000, 0x000000008ef00000|  0%| F|  |TAMS 0x000000008ee00000, 0x000000008ee00000| Untracked 
| 239|0x000000008ef00000, 0x000000008ef00000, 0x000000008f000000|  0%| F|  |TAMS 0x000000008ef00000, 0x000000008ef00000| Untracked 
| 240|0x000000008f000000, 0x000000008f000000, 0x000000008f100000|  0%| F|  |TAMS 0x000000008f000000, 0x000000008f000000| Untracked 
| 241|0x000000008f100000, 0x000000008f100000, 0x000000008f200000|  0%| F|  |TAMS 0x000000008f100000, 0x000000008f100000| Untracked 
| 242|0x000000008f200000, 0x000000008f200000, 0x000000008f300000|  0%| F|  |TAMS 0x000000008f200000, 0x000000008f200000| Untracked 
| 243|0x000000008f300000, 0x000000008f300000, 0x000000008f400000|  0%| F|  |TAMS 0x000000008f300000, 0x000000008f300000| Untracked 
| 244|0x000000008f400000, 0x000000008f400000, 0x000000008f500000|  0%| F|  |TAMS 0x000000008f400000, 0x000000008f400000| Untracked 
| 245|0x000000008f500000, 0x000000008f500000, 0x000000008f600000|  0%| F|  |TAMS 0x000000008f500000, 0x000000008f500000| Untracked 
| 246|0x000000008f600000, 0x000000008f600000, 0x000000008f700000|  0%| F|  |TAMS 0x000000008f600000, 0x000000008f600000| Untracked 
| 247|0x000000008f700000, 0x000000008f700000, 0x000000008f800000|  0%| F|  |TAMS 0x000000008f700000, 0x000000008f700000| Untracked 
| 248|0x000000008f800000, 0x000000008f800000, 0x000000008f900000|  0%| F|  |TAMS 0x000000008f800000, 0x000000008f800000| Untracked 
| 249|0x000000008f900000, 0x000000008f900000, 0x000000008fa00000|  0%| F|  |TAMS 0x000000008f900000, 0x000000008f900000| Untracked 
| 250|0x000000008fa00000, 0x000000008fa00000, 0x000000008fb00000|  0%| F|  |TAMS 0x000000008fa00000, 0x000000008fa00000| Untracked 
| 251|0x000000008fb00000, 0x000000008fb00000, 0x000000008fc00000|  0%| F|  |TAMS 0x000000008fb00000, 0x000000008fb00000| Untracked 
| 252|0x000000008fc00000, 0x000000008fc00000, 0x000000008fd00000|  0%| F|  |TAMS 0x000000008fc00000, 0x000000008fc00000| Untracked 
| 253|0x000000008fd00000, 0x000000008fd00000, 0x000000008fe00000|  0%| F|  |TAMS 0x000000008fd00000, 0x000000008fd00000| Untracked 
| 254|0x000000008fe00000, 0x000000008fe00000, 0x000000008ff00000|  0%| F|  |TAMS 0x000000008fe00000, 0x000000008fe00000| Untracked 
| 255|0x000000008ff00000, 0x000000008ff00000, 0x0000000090000000|  0%| F|  |TAMS 0x000000008ff00000, 0x000000008ff00000| Untracked 
| 256|0x0000000090000000, 0x0000000090000000, 0x0000000090100000|  0%| F|  |TAMS 0x0000000090000000, 0x0000000090000000| Untracked 
| 257|0x0000000090100000, 0x0000000090100000, 0x0000000090200000|  0%| F|  |TAMS 0x0000000090100000, 0x0000000090100000| Untracked 
| 258|0x0000000090200000, 0x0000000090200000, 0x0000000090300000|  0%| F|  |TAMS 0x0000000090200000, 0x0000000090200000| Untracked 
| 259|0x0000000090300000, 0x0000000090300000, 0x0000000090400000|  0%| F|  |TAMS 0x0000000090300000, 0x0000000090300000| Untracked 
| 260|0x0000000090400000, 0x0000000090400000, 0x0000000090500000|  0%| F|  |TAMS 0x0000000090400000, 0x0000000090400000| Untracked 
| 261|0x0000000090500000, 0x0000000090500000, 0x0000000090600000|  0%| F|  |TAMS 0x0000000090500000, 0x0000000090500000| Untracked 
| 262|0x0000000090600000, 0x0000000090600000, 0x0000000090700000|  0%| F|  |TAMS 0x0000000090600000, 0x0000000090600000| Untracked 
| 263|0x0000000090700000, 0x0000000090700000, 0x0000000090800000|  0%| F|  |TAMS 0x0000000090700000, 0x0000000090700000| Untracked 
| 264|0x0000000090800000, 0x0000000090800000, 0x0000000090900000|  0%| F|  |TAMS 0x0000000090800000, 0x0000000090800000| Untracked 
| 265|0x0000000090900000, 0x0000000090900000, 0x0000000090a00000|  0%| F|  |TAMS 0x0000000090900000, 0x0000000090900000| Untracked 
| 266|0x0000000090a00000, 0x0000000090a00000, 0x0000000090b00000|  0%| F|  |TAMS 0x0000000090a00000, 0x0000000090a00000| Untracked 
| 267|0x0000000090b00000, 0x0000000090b00000, 0x0000000090c00000|  0%| F|  |TAMS 0x0000000090b00000, 0x0000000090b00000| Untracked 
| 268|0x0000000090c00000, 0x0000000090c00000, 0x0000000090d00000|  0%| F|  |TAMS 0x0000000090c00000, 0x0000000090c00000| Untracked 
| 269|0x0000000090d00000, 0x0000000090d00000, 0x0000000090e00000|  0%| F|  |TAMS 0x0000000090d00000, 0x0000000090d00000| Untracked 
| 270|0x0000000090e00000, 0x0000000090e00000, 0x0000000090f00000|  0%| F|  |TAMS 0x0000000090e00000, 0x0000000090e00000| Untracked 
| 271|0x0000000090f00000, 0x0000000090f00000, 0x0000000091000000|  0%| F|  |TAMS 0x0000000090f00000, 0x0000000090f00000| Untracked 
| 272|0x0000000091000000, 0x0000000091000000, 0x0000000091100000|  0%| F|  |TAMS 0x0000000091000000, 0x0000000091000000| Untracked 
| 273|0x0000000091100000, 0x0000000091100000, 0x0000000091200000|  0%| F|  |TAMS 0x0000000091100000, 0x0000000091100000| Untracked 
| 274|0x0000000091200000, 0x0000000091200000, 0x0000000091300000|  0%| F|  |TAMS 0x0000000091200000, 0x0000000091200000| Untracked 
| 275|0x0000000091300000, 0x0000000091300000, 0x0000000091400000|  0%| F|  |TAMS 0x0000000091300000, 0x0000000091300000| Untracked 
| 276|0x0000000091400000, 0x0000000091400000, 0x0000000091500000|  0%| F|  |TAMS 0x0000000091400000, 0x0000000091400000| Untracked 
| 277|0x0000000091500000, 0x0000000091500000, 0x0000000091600000|  0%| F|  |TAMS 0x0000000091500000, 0x0000000091500000| Untracked 
| 278|0x0000000091600000, 0x0000000091600000, 0x0000000091700000|  0%| F|  |TAMS 0x0000000091600000, 0x0000000091600000| Untracked 
| 279|0x0000000091700000, 0x0000000091700000, 0x0000000091800000|  0%| F|  |TAMS 0x0000000091700000, 0x0000000091700000| Untracked 
| 280|0x0000000091800000, 0x0000000091800000, 0x0000000091900000|  0%| F|  |TAMS 0x0000000091800000, 0x0000000091800000| Untracked 
| 281|0x0000000091900000, 0x0000000091900000, 0x0000000091a00000|  0%| F|  |TAMS 0x0000000091900000, 0x0000000091900000| Untracked 
| 282|0x0000000091a00000, 0x0000000091a00000, 0x0000000091b00000|  0%| F|  |TAMS 0x0000000091a00000, 0x0000000091a00000| Untracked 
| 283|0x0000000091b00000, 0x0000000091c00000, 0x0000000091c00000|100%| S|CS|TAMS 0x0000000091b00000, 0x0000000091b00000| Complete 
| 284|0x0000000091c00000, 0x0000000091d00000, 0x0000000091d00000|100%| S|CS|TAMS 0x0000000091c00000, 0x0000000091c00000| Complete 
| 285|0x0000000091d00000, 0x0000000091d00000, 0x0000000091e00000|  0%| F|  |TAMS 0x0000000091d00000, 0x0000000091d00000| Untracked 
| 286|0x0000000091e00000, 0x0000000091e00000, 0x0000000091f00000|  0%| F|  |TAMS 0x0000000091e00000, 0x0000000091e00000| Untracked 
| 287|0x0000000091f00000, 0x0000000091f00000, 0x0000000092000000|  0%| F|  |TAMS 0x0000000091f00000, 0x0000000091f00000| Untracked 
| 288|0x0000000092000000, 0x0000000092000000, 0x0000000092100000|  0%| F|  |TAMS 0x0000000092000000, 0x0000000092000000| Untracked 
| 289|0x0000000092100000, 0x0000000092100000, 0x0000000092200000|  0%| F|  |TAMS 0x0000000092100000, 0x0000000092100000| Untracked 
| 290|0x0000000092200000, 0x0000000092200000, 0x0000000092300000|  0%| F|  |TAMS 0x0000000092200000, 0x0000000092200000| Untracked 
| 291|0x0000000092300000, 0x0000000092300000, 0x0000000092400000|  0%| F|  |TAMS 0x0000000092300000, 0x0000000092300000| Untracked 
| 292|0x0000000092400000, 0x0000000092400000, 0x0000000092500000|  0%| F|  |TAMS 0x0000000092400000, 0x0000000092400000| Untracked 
| 293|0x0000000092500000, 0x0000000092500000, 0x0000000092600000|  0%| F|  |TAMS 0x0000000092500000, 0x0000000092500000| Untracked 
| 294|0x0000000092600000, 0x0000000092600000, 0x0000000092700000|  0%| F|  |TAMS 0x0000000092600000, 0x0000000092600000| Untracked 
| 295|0x0000000092700000, 0x0000000092700000, 0x0000000092800000|  0%| F|  |TAMS 0x0000000092700000, 0x0000000092700000| Untracked 
| 296|0x0000000092800000, 0x0000000092800000, 0x0000000092900000|  0%| F|  |TAMS 0x0000000092800000, 0x0000000092800000| Untracked 
| 297|0x0000000092900000, 0x0000000092900000, 0x0000000092a00000|  0%| F|  |TAMS 0x0000000092900000, 0x0000000092900000| Untracked 
| 298|0x0000000092a00000, 0x0000000092a00000, 0x0000000092b00000|  0%| F|  |TAMS 0x0000000092a00000, 0x0000000092a00000| Untracked 

Card table byte_map: [0x000001dc8f400000,0x000001dc8f800000] _byte_map_base: 0x000001dc8f000000

Marking Bits (Prev, Next): (CMBitMap*) 0x000001dcfbc9a098, (CMBitMap*) 0x000001dcfbc9a0d0
 Prev Bits: [0x000001dc8fc00000, 0x000001dc91c00000)
 Next Bits: [0x000001dc91c00000, 0x000001dc93c00000)

Polling page: 0x000001dcfa400000

Metaspace:

Usage:
  Non-class:    124.92 MB capacity,   122.55 MB ( 98%) used,     1.94 MB (  2%) free+waste,   449.44 KB ( <1%) overhead. 
      Class:     18.12 MB capacity,    16.83 MB ( 93%) used,     1.09 MB (  6%) free+waste,   194.69 KB (  1%) overhead. 
       Both:    143.04 MB capacity,   139.38 MB ( 97%) used,     3.03 MB (  2%) free+waste,   644.13 KB ( <1%) overhead. 

Virtual space:
  Non-class space:      126.00 MB reserved,     125.04 MB (>99%) committed 
      Class space:        1.00 GB reserved,      18.15 MB (  2%) committed 
             Both:        1.12 GB reserved,     143.18 MB ( 12%) committed 

Chunk freelists:
   Non-Class:  49.00 KB
       Class:  13.00 KB
        Both:  62.00 KB

MaxMetaspaceSize: 17179869184.00 GB
CompressedClassSpaceSize: 1.00 GB

CodeHeap 'non-profiled nmethods': size=120064Kb used=19373Kb max_used=19373Kb free=100690Kb
 bounds [0x000001dc87ac0000, 0x000001dc88db0000, 0x000001dc8f000000]
CodeHeap 'profiled nmethods': size=120000Kb used=47456Kb max_used=47456Kb free=72543Kb
 bounds [0x000001dc80590000, 0x000001dc83460000, 0x000001dc87ac0000]
CodeHeap 'non-nmethods': size=5696Kb used=2398Kb max_used=2482Kb free=3297Kb
 bounds [0x000001dc80000000, 0x000001dc80280000, 0x000001dc80590000]
 total_blobs=23060 nmethods=22025 adapters=945
 compilation: enabled
              stopped_count=0, restarted_count=0
 full_count=0

Compilation events (20 events):
Event: 6867.713 Thread 0x000001dc967b9800 28802       3       com.android.tools.r8.graph.g1::a (161 bytes)
Event: 6867.716 Thread 0x000001dc967b9800 nmethod 28802 0x000001dc83451610 code [0x000001dc83451a20, 0x000001dc83453758]
Event: 6867.728 Thread 0x000001dc9bc95800 nmethod 28795 0x000001dc88da9e90 code [0x000001dc88daa040, 0x000001dc88daad78]
Event: 6867.728 Thread 0x000001dc9bc95800 28798 %     4       com.android.tools.r8.C.a.a.f::a @ 2576 (6058 bytes)
Event: 6867.927 Thread 0x000001dc967b9800 28805       3       com.android.tools.r8.r.o.a::<init> (57 bytes)
Event: 6867.928 Thread 0x000001dc967b9800 nmethod 28805 0x000001dc82a9b810 code [0x000001dc82a9b9e0, 0x000001dc82a9bc78]
Event: 6867.935 Thread 0x000001dc95f08800 nmethod 28759 0x000001dc88dab110 code [0x000001dc88dab400, 0x000001dc88dae4f8]
Event: 6867.936 Thread 0x000001dc95f08800 28800       4       com.android.tools.r8.graph.Z0::c (177 bytes)
Event: 6867.936 Thread 0x000001dc967b9800 28806       3       com.android.tools.r8.graph.Z0::g (45 bytes)
Event: 6867.937 Thread 0x000001dc967b9800 nmethod 28806 0x000001dc82b09290 code [0x000001dc82b094a0, 0x000001dc82b098e8]
Event: 6867.937 Thread 0x000001dc967b9800 28807       3       com.android.tools.r8.utils.V::a (57 bytes)
Event: 6867.938 Thread 0x000001dc967b9800 nmethod 28807 0x000001dc82927890 code [0x000001dc82927a40, 0x000001dc82927d18]
Event: 6867.939 Thread 0x000001dc967b9800 28809       3       com.android.tools.r8.C.a.a.u::a (19 bytes)
Event: 6867.940 Thread 0x000001dc967b9800 nmethod 28809 0x000001dc82ae0790 code [0x000001dc82ae0960, 0x000001dc82ae0b68]
Event: 6867.958 Thread 0x000001dc967b9800 28812       1       com.android.tools.r8.r.o.E::q (2 bytes)
Event: 6867.958 Thread 0x000001dc967b9800 nmethod 28812 0x000001dc88dafb90 code [0x000001dc88dafd40, 0x000001dc88dafdf8]
Event: 6867.959 Thread 0x000001dc967b9800 28814 %     3       com.android.tools.r8.utils.p0::l @ 0 (39 bytes)
Event: 6867.960 Thread 0x000001dc967b9800 nmethod 28814% 0x000001dc82b1db90 code [0x000001dc82b1dd80, 0x000001dc82b1e228]
Event: 6867.960 Thread 0x000001dc967b9800 28816       3       com.android.tools.r8.C.a.a.u::a (16 bytes)
Event: 6867.960 Thread 0x000001dc967b9800 nmethod 28816 0x000001dc829bab10 code [0x000001dc829bacc0, 0x000001dc829baea8]

GC Heap History (20 events):
Event: 6858.670 GC heap after
{Heap after GC invocations=93 (full 0):
 garbage-first heap   total 306176K, used 163651K [0x0000000080000000, 0x0000000100000000)
  region size 1024K, 2 young (2048K), 2 survivors (2048K)
 Metaspace       used 142476K, capacity 146189K, committed 146364K, reserved 1177600K
  class space    used 17203K, capacity 18524K, committed 18584K, reserved 1048576K
}
Event: 6860.937 GC heap before
{Heap before GC invocations=93 (full 0):
 garbage-first heap   total 306176K, used 174915K [0x0000000080000000, 0x0000000100000000)
  region size 1024K, 14 young (14336K), 2 survivors (2048K)
 Metaspace       used 142487K, capacity 146189K, committed 146364K, reserved 1177600K
  class space    used 17203K, capacity 18524K, committed 18584K, reserved 1048576K
}
Event: 6861.021 GC heap after
{Heap after GC invocations=94 (full 0):
 garbage-first heap   total 306176K, used 163798K [0x0000000080000000, 0x0000000100000000)
  region size 1024K, 1 young (1024K), 1 survivors (1024K)
 Metaspace       used 142487K, capacity 146189K, committed 146364K, reserved 1177600K
  class space    used 17203K, capacity 18524K, committed 18584K, reserved 1048576K
}
Event: 6863.241 GC heap before
{Heap before GC invocations=94 (full 0):
 garbage-first heap   total 306176K, used 176086K [0x0000000080000000, 0x0000000100000000)
  region size 1024K, 14 young (14336K), 1 survivors (1024K)
 Metaspace       used 142565K, capacity 146314K, committed 146364K, reserved 1177600K
  class space    used 17219K, capacity 18543K, committed 18584K, reserved 1048576K
}
Event: 6863.342 GC heap after
{Heap after GC invocations=95 (full 0):
 garbage-first heap   total 306176K, used 164720K [0x0000000080000000, 0x0000000100000000)
  region size 1024K, 2 young (2048K), 2 survivors (2048K)
 Metaspace       used 142565K, capacity 146314K, committed 146364K, reserved 1177600K
  class space    used 17219K, capacity 18543K, committed 18584K, reserved 1048576K
}
Event: 6863.555 GC heap before
{Heap before GC invocations=95 (full 0):
 garbage-first heap   total 306176K, used 175984K [0x0000000080000000, 0x0000000100000000)
  region size 1024K, 14 young (14336K), 2 survivors (2048K)
 Metaspace       used 142565K, capacity 146314K, committed 146364K, reserved 1177600K
  class space    used 17219K, capacity 18543K, committed 18584K, reserved 1048576K
}
Event: 6863.764 GC heap after
{Heap after GC invocations=96 (full 0):
 garbage-first heap   total 306176K, used 168468K [0x0000000080000000, 0x0000000100000000)
  region size 1024K, 2 young (2048K), 2 survivors (2048K)
 Metaspace       used 142565K, capacity 146314K, committed 146364K, reserved 1177600K
  class space    used 17219K, capacity 18543K, committed 18584K, reserved 1048576K
}
Event: 6863.967 GC heap before
{Heap before GC invocations=96 (full 0):
 garbage-first heap   total 306176K, used 179732K [0x0000000080000000, 0x0000000100000000)
  region size 1024K, 14 young (14336K), 2 survivors (2048K)
 Metaspace       used 142565K, capacity 146314K, committed 146364K, reserved 1177600K
  class space    used 17219K, capacity 18543K, committed 18584K, reserved 1048576K
}
Event: 6864.074 GC heap after
{Heap after GC invocations=97 (full 0):
 garbage-first heap   total 306176K, used 171073K [0x0000000080000000, 0x0000000100000000)
  region size 1024K, 2 young (2048K), 2 survivors (2048K)
 Metaspace       used 142565K, capacity 146314K, committed 146364K, reserved 1177600K
  class space    used 17219K, capacity 18543K, committed 18584K, reserved 1048576K
}
Event: 6864.737 GC heap before
{Heap before GC invocations=97 (full 0):
 garbage-first heap   total 306176K, used 182337K [0x0000000080000000, 0x0000000100000000)
  region size 1024K, 14 young (14336K), 2 survivors (2048K)
 Metaspace       used 142570K, capacity 146314K, committed 146364K, reserved 1177600K
  class space    used 17219K, capacity 18543K, committed 18584K, reserved 1048576K
}
Event: 6864.933 GC heap after
{Heap after GC invocations=98 (full 0):
 garbage-first heap   total 306176K, used 173661K [0x0000000080000000, 0x0000000100000000)
  region size 1024K, 2 young (2048K), 2 survivors (2048K)
 Metaspace       used 142570K, capacity 146314K, committed 146364K, reserved 1177600K
  class space    used 17219K, capacity 18543K, committed 18584K, reserved 1048576K
}
Event: 6865.581 GC heap before
{Heap before GC invocations=98 (full 0):
 garbage-first heap   total 306176K, used 185949K [0x0000000080000000, 0x0000000100000000)
  region size 1024K, 14 young (14336K), 2 survivors (2048K)
 Metaspace       used 142598K, capacity 146341K, committed 146620K, reserved 1177600K
  class space    used 17224K, capacity 18553K, committed 18584K, reserved 1048576K
}
Event: 6865.781 GC heap after
{Heap after GC invocations=99 (full 0):
 garbage-first heap   total 306176K, used 176060K [0x0000000080000000, 0x0000000100000000)
  region size 1024K, 2 young (2048K), 2 survivors (2048K)
 Metaspace       used 142598K, capacity 146341K, committed 146620K, reserved 1177600K
  class space    used 17224K, capacity 18553K, committed 18584K, reserved 1048576K
}
Event: 6866.041 GC heap before
{Heap before GC invocations=99 (full 0):
 garbage-first heap   total 306176K, used 188348K [0x0000000080000000, 0x0000000100000000)
  region size 1024K, 14 young (14336K), 2 survivors (2048K)
 Metaspace       used 142616K, capacity 146342K, committed 146620K, reserved 1177600K
  class space    used 17225K, capacity 18553K, committed 18584K, reserved 1048576K
}
Event: 6866.316 GC heap after
{Heap after GC invocations=100 (full 0):
 garbage-first heap   total 306176K, used 179200K [0x0000000080000000, 0x0000000100000000)
  region size 1024K, 2 young (2048K), 2 survivors (2048K)
 Metaspace       used 142616K, capacity 146342K, committed 146620K, reserved 1177600K
  class space    used 17225K, capacity 18553K, committed 18584K, reserved 1048576K
}
Event: 6867.292 GC heap before
{Heap before GC invocations=100 (full 0):
 garbage-first heap   total 306176K, used 191488K [0x0000000080000000, 0x0000000100000000)
  region size 1024K, 14 young (14336K), 2 survivors (2048K)
 Metaspace       used 142680K, capacity 146409K, committed 146620K, reserved 1177600K
  class space    used 17233K, capacity 18554K, committed 18584K, reserved 1048576K
}
Event: 6867.376 GC heap after
{Heap after GC invocations=101 (full 0):
 garbage-first heap   total 306176K, used 182199K [0x0000000080000000, 0x0000000100000000)
  region size 1024K, 2 young (2048K), 2 survivors (2048K)
 Metaspace       used 142680K, capacity 146409K, committed 146620K, reserved 1177600K
  class space    used 17233K, capacity 18554K, committed 18584K, reserved 1048576K
}
Event: 6867.764 GC heap before
{Heap before GC invocations=101 (full 0):
 garbage-first heap   total 306176K, used 194487K [0x0000000080000000, 0x0000000100000000)
  region size 1024K, 14 young (14336K), 2 survivors (2048K)
 Metaspace       used 142726K, capacity 146477K, committed 146620K, reserved 1177600K
  class space    used 17238K, capacity 18554K, committed 18584K, reserved 1048576K
}
Event: 6867.927 GC heap after
{Heap after GC invocations=102 (full 0):
 garbage-first heap   total 306176K, used 185141K [0x0000000080000000, 0x0000000100000000)
  region size 1024K, 2 young (2048K), 2 survivors (2048K)
 Metaspace       used 142726K, capacity 146477K, committed 146620K, reserved 1177600K
  class space    used 17238K, capacity 18554K, committed 18584K, reserved 1048576K
}
Event: 6868.010 GC heap before
{Heap before GC invocations=102 (full 0):
 garbage-first heap   total 306176K, used 197429K [0x0000000080000000, 0x0000000100000000)
  region size 1024K, 14 young (14336K), 2 survivors (2048K)
 Metaspace       used 142727K, capacity 146477K, committed 146620K, reserved 1177600K
  class space    used 17238K, capacity 18554K, committed 18584K, reserved 1048576K
}

Deoptimization events (20 events):
Event: 6867.597 Thread 0x000001dca96c4800 Uncommon trap: trap_request=0xffffffbe fr.pc=0x000001dc88da4808 relative=0x0000000000002748
Event: 6867.597 Thread 0x000001dca96c4800 Uncommon trap: reason=profile_predicate action=maybe_recompile pc=0x000001dc88da4808 method=com.android.tools.r8.graph.B.a(Ljava/lang/String;Lcom/android/tools/r8/graph/h0;)Lcom/android/tools/r8/graph/B; @ 48 c2
Event: 6867.597 Thread 0x000001dca96c4800 DEOPT PACKING pc=0x000001dc88da4808 sp=0x00000090560fbe40
Event: 6867.597 Thread 0x000001dca96c4800 DEOPT UNPACKING pc=0x000001dc800274af sp=0x00000090560fbdc0 mode 2
Event: 6867.601 Thread 0x000001dca96c4800 Uncommon trap: trap_request=0xffffffbe fr.pc=0x000001dc88da4808 relative=0x0000000000002748
Event: 6867.601 Thread 0x000001dca96c4800 Uncommon trap: reason=profile_predicate action=maybe_recompile pc=0x000001dc88da4808 method=com.android.tools.r8.graph.B.a(Ljava/lang/String;Lcom/android/tools/r8/graph/h0;)Lcom/android/tools/r8/graph/B; @ 48 c2
Event: 6867.601 Thread 0x000001dca96c4800 DEOPT PACKING pc=0x000001dc88da4808 sp=0x00000090560fbe40
Event: 6867.601 Thread 0x000001dca96c4800 DEOPT UNPACKING pc=0x000001dc800274af sp=0x00000090560fbdc0 mode 2
Event: 6867.662 Thread 0x000001dca96c3000 Uncommon trap: trap_request=0xffffffbe fr.pc=0x000001dc88da84d0 relative=0x0000000000000b10
Event: 6867.662 Thread 0x000001dca96c3000 Uncommon trap: reason=profile_predicate action=maybe_recompile pc=0x000001dc88da84d0 method=com.android.tools.r8.graph.q0.a(Ljava/lang/String;)[B @ 63 c2
Event: 6867.662 Thread 0x000001dca96c3000 DEOPT PACKING pc=0x000001dc88da84d0 sp=0x0000009055dfb9f0
Event: 6867.662 Thread 0x000001dca96c4800 Uncommon trap: trap_request=0xffffffbe fr.pc=0x000001dc88da84d0 relative=0x0000000000000b10
Event: 6867.662 Thread 0x000001dca96c4800 Uncommon trap: reason=profile_predicate action=maybe_recompile pc=0x000001dc88da84d0 method=com.android.tools.r8.graph.q0.a(Ljava/lang/String;)[B @ 63 c2
Event: 6867.662 Thread 0x000001dca96be000 Uncommon trap: trap_request=0xffffffbe fr.pc=0x000001dc88da84d0 relative=0x0000000000000b10
Event: 6867.662 Thread 0x000001dca96c3000 DEOPT UNPACKING pc=0x000001dc800274af sp=0x0000009055dfb9a8 mode 2
Event: 6867.662 Thread 0x000001dca96be000 Uncommon trap: reason=profile_predicate action=maybe_recompile pc=0x000001dc88da84d0 method=com.android.tools.r8.graph.q0.a(Ljava/lang/String;)[B @ 63 c2
Event: 6867.662 Thread 0x000001dca96be000 DEOPT PACKING pc=0x000001dc88da84d0 sp=0x0000009055ffb4b0
Event: 6867.669 Thread 0x000001dca96be000 DEOPT UNPACKING pc=0x000001dc800274af sp=0x0000009055ffb468 mode 2
Event: 6867.670 Thread 0x000001dca96c4800 DEOPT PACKING pc=0x000001dc88da84d0 sp=0x00000090560fb5e0
Event: 6867.670 Thread 0x000001dca96c4800 DEOPT UNPACKING pc=0x000001dc800274af sp=0x00000090560fb598 mode 2

Classes redefined (0 events):
No events

Internal exceptions (20 events):
Event: 5197.465 Thread 0x000001dc9cd8a000 Exception <a 'sun/nio/fs/WindowsException'{0x0000000090c3b290}> (0x0000000090c3b290) thrown at [./src/hotspot/share/prims/jni.cpp, line 615]
Event: 5197.681 Thread 0x000001dc9cd83800 Exception <a 'sun/nio/fs/WindowsException'{0x00000000903f6308}> (0x00000000903f6308) thrown at [./src/hotspot/share/prims/jni.cpp, line 615]
Event: 5197.681 Thread 0x000001dc9cd83800 Exception <a 'sun/nio/fs/WindowsException'{0x00000000903f6f40}> (0x00000000903f6f40) thrown at [./src/hotspot/share/prims/jni.cpp, line 615]
Event: 5197.922 Thread 0x000001dc9cd90800 Exception <a 'sun/nio/fs/WindowsException'{0x000000008f1d8058}> (0x000000008f1d8058) thrown at [./src/hotspot/share/prims/jni.cpp, line 615]
Event: 5197.926 Thread 0x000001dc98231800 Exception <a 'sun/nio/fs/WindowsException'{0x000000008f1c9b38}> (0x000000008f1c9b38) thrown at [./src/hotspot/share/prims/jni.cpp, line 615]
Event: 5197.961 Thread 0x000001dc9cd90800 Implicit null exception at 0x000001dc88b06c26 to 0x000001dc88b07644
Event: 5197.966 Thread 0x000001dc98231800 Implicit null exception at 0x000001dc87e74e16 to 0x000001dc87e75010
Event: 5198.013 Thread 0x000001dc9cd90800 Exception <a 'sun/nio/fs/WindowsException'{0x000000008efc3d10}> (0x000000008efc3d10) thrown at [./src/hotspot/share/prims/jni.cpp, line 615]
Event: 5198.013 Thread 0x000001dc98231800 Exception <a 'sun/nio/fs/WindowsException'{0x000000008efc61a8}> (0x000000008efc61a8) thrown at [./src/hotspot/share/prims/jni.cpp, line 615]
Event: 5198.190 Thread 0x000001dc9cd8c800 Exception <a 'sun/nio/fs/WindowsException'{0x000000008e98cc58}> (0x000000008e98cc58) thrown at [./src/hotspot/share/prims/jni.cpp, line 615]
Event: 5198.198 Thread 0x000001dc9cd8c800 Exception <a 'sun/nio/fs/WindowsException'{0x000000008e9f0d70}> (0x000000008e9f0d70) thrown at [./src/hotspot/share/prims/jni.cpp, line 615]
Event: 5198.359 Thread 0x000001dc9822d800 Exception <a 'sun/nio/fs/WindowsException'{0x000000008e61ff08}> (0x000000008e61ff08) thrown at [./src/hotspot/share/prims/jni.cpp, line 615]
Event: 6845.213 Thread 0x000001dca96c0800 Exception <a 'sun/nio/fs/WindowsException'{0x00000000922f0fa0}> (0x00000000922f0fa0) thrown at [./src/hotspot/share/prims/jni.cpp, line 615]
Event: 6848.498 Thread 0x000001dca96c0800 Exception <a 'sun/nio/fs/WindowsException'{0x0000000092901e00}> (0x0000000092901e00) thrown at [./src/hotspot/share/prims/jni.cpp, line 615]
Event: 6861.061 Thread 0x000001dc9bc96000 Exception <a 'sun/nio/fs/WindowsException'{0x0000000092afcee8}> (0x0000000092afcee8) thrown at [./src/hotspot/share/prims/jni.cpp, line 615]
Event: 6861.061 Thread 0x000001dc9bc96000 Exception <a 'sun/nio/fs/WindowsException'{0x0000000092afdb20}> (0x0000000092afdb20) thrown at [./src/hotspot/share/prims/jni.cpp, line 615]
Event: 6863.497 Thread 0x000001dca96c3000 Exception <a 'sun/nio/fs/WindowsException'{0x000000009287fdc8}> (0x000000009287fdc8) thrown at [./src/hotspot/share/prims/jni.cpp, line 615]
Event: 6863.768 Thread 0x000001dca96be000 Exception <a 'sun/nio/fs/WindowsException'{0x0000000092a966a8}> (0x0000000092a966a8) thrown at [./src/hotspot/share/prims/jni.cpp, line 615]
Event: 6864.195 Thread 0x000001dca96c3800 Exception <a 'sun/nio/fs/WindowsException'{0x00000000925b5fd0}> (0x00000000925b5fd0) thrown at [./src/hotspot/share/prims/jni.cpp, line 615]
Event: 6864.599 Thread 0x000001dca96c4800 Exception <a 'sun/nio/fs/WindowsException'{0x0000000091fc6b98}> (0x0000000091fc6b98) thrown at [./src/hotspot/share/prims/jni.cpp, line 615]

Events (20 events):
Event: 6867.159 loading class com/android/tools/r8/r/o/M done
Event: 6867.185 loading class com/android/tools/r8/r/o/Z
Event: 6867.185 loading class com/android/tools/r8/r/o/Z done
Event: 6867.185 loading class com/android/tools/r8/r/o/Q
Event: 6867.185 loading class com/android/tools/r8/r/o/Q done
Event: 6867.229 Executing VM operation: G1CollectForAllocation
Event: 6867.376 Executing VM operation: G1CollectForAllocation done
Event: 6867.436 loading class com/android/tools/r8/r/o/X$a
Event: 6867.436 loading class com/android/tools/r8/r/o/X$a done
Event: 6867.591 loading class com/android/tools/r8/r/o/f
Event: 6867.591 loading class com/android/tools/r8/r/o/f done
Event: 6867.634 loading class com/android/tools/r8/v/b/w$a
Event: 6867.634 loading class com/android/tools/r8/v/b/w$a done
Event: 6867.669 loading class com/android/tools/r8/r/o/K
Event: 6867.669 loading class com/android/tools/r8/r/o/K done
Event: 6867.693 loading class com/android/tools/r8/v/b/L0$a
Event: 6867.693 loading class com/android/tools/r8/v/b/L0$a done
Event: 6867.735 Executing VM operation: G1CollectForAllocation
Event: 6867.927 Executing VM operation: G1CollectForAllocation done
Event: 6867.972 Executing VM operation: G1CollectForAllocation


Dynamic libraries:
0x00007ff799410000 - 0x00007ff79941a000 	C:\Program Files\Android\Android Studio\jre\bin\java.exe
0x00007ffbed870000 - 0x00007ffbeda65000 	C:\Windows\SYSTEM32\ntdll.dll
0x00007ffbec080000 - 0x00007ffbec13d000 	C:\Windows\System32\KERNEL32.DLL
0x00007ffbeb060000 - 0x00007ffbeb328000 	C:\Windows\System32\KERNELBASE.dll
0x00007ffbeb7a0000 - 0x00007ffbeb8a0000 	C:\Windows\System32\ucrtbase.dll
0x00007ffbc2650000 - 0x00007ffbc2667000 	C:\Program Files\Android\Android Studio\jre\bin\VCRUNTIME140.dll
0x00007ffbc2630000 - 0x00007ffbc2649000 	C:\Program Files\Android\Android Studio\jre\bin\jli.dll
0x00007ffbeb8d0000 - 0x00007ffbeba70000 	C:\Windows\System32\USER32.dll
0x00007ffbeb330000 - 0x00007ffbeb352000 	C:\Windows\System32\win32u.dll
0x00007ffbec8e0000 - 0x00007ffbec90a000 	C:\Windows\System32\GDI32.dll
0x00007ffbd6e80000 - 0x00007ffbd711a000 	C:\Windows\WinSxS\amd64_microsoft.windows.common-controls_6595b64144ccf1df_6.0.19041.844_none_ca00b6081b84eb1d\COMCTL32.dll
0x00007ffbeb690000 - 0x00007ffbeb79b000 	C:\Windows\System32\gdi32full.dll
0x00007ffbed6c0000 - 0x00007ffbed75e000 	C:\Windows\System32\msvcrt.dll
0x00007ffbeb360000 - 0x00007ffbeb3fd000 	C:\Windows\System32\msvcp_win.dll
0x00007ffbece80000 - 0x00007ffbeceb0000 	C:\Windows\System32\IMM32.DLL
0x00007ffbc9a80000 - 0x00007ffbc9b1d000 	C:\Program Files\Android\Android Studio\jre\bin\msvcp140.dll
0x00007ffba94a0000 - 0x00007ffba9f5c000 	C:\Program Files\Android\Android Studio\jre\bin\server\jvm.dll
0x00007ffbec830000 - 0x00007ffbec8dc000 	C:\Windows\System32\ADVAPI32.dll
0x00007ffbec140000 - 0x00007ffbec1db000 	C:\Windows\System32\sechost.dll
0x00007ffbec700000 - 0x00007ffbec82b000 	C:\Windows\System32\RPCRT4.dll
0x00007ffbeceb0000 - 0x00007ffbeceb8000 	C:\Windows\System32\PSAPI.DLL
0x00007ffbd5cf0000 - 0x00007ffbd5cf9000 	C:\Windows\SYSTEM32\WSOCK32.dll
0x00007ffbdc680000 - 0x00007ffbdc6a7000 	C:\Windows\SYSTEM32\WINMM.dll
0x00007ffbecc70000 - 0x00007ffbeccdb000 	C:\Windows\System32\WS2_32.dll
0x00007ffbe4280000 - 0x00007ffbe428a000 	C:\Windows\SYSTEM32\VERSION.dll
0x00007ffbe90e0000 - 0x00007ffbe90f2000 	C:\Windows\SYSTEM32\kernel.appcore.dll
0x00007ffbc5540000 - 0x00007ffbc5551000 	C:\Program Files\Android\Android Studio\jre\bin\verify.dll
0x00007ffbe8ca0000 - 0x00007ffbe8e84000 	C:\Windows\SYSTEM32\DBGHELP.DLL
0x00007ffbd7120000 - 0x00007ffbd714c000 	C:\Windows\SYSTEM32\dbgcore.DLL
0x00007ffbeb400000 - 0x00007ffbeb480000 	C:\Windows\System32\bcryptPrimitives.dll
0x00007ffbc52e0000 - 0x00007ffbc5309000 	C:\Program Files\Android\Android Studio\jre\bin\java.dll
0x00007ffbd90d0000 - 0x00007ffbd90db000 	C:\Program Files\Android\Android Studio\jre\bin\jimage.dll
0x00007ffbc5520000 - 0x00007ffbc5538000 	C:\Program Files\Android\Android Studio\jre\bin\zip.dll
0x00007ffbecf70000 - 0x00007ffbed6b2000 	C:\Windows\System32\SHELL32.dll
0x00007ffbe9100000 - 0x00007ffbe9890000 	C:\Windows\SYSTEM32\windows.storage.dll
0x00007ffbec310000 - 0x00007ffbec665000 	C:\Windows\System32\combase.dll
0x00007ffbea9b0000 - 0x00007ffbea9dc000 	C:\Windows\SYSTEM32\Wldp.dll
0x00007ffbecdd0000 - 0x00007ffbece7e000 	C:\Windows\System32\SHCORE.dll
0x00007ffbecb30000 - 0x00007ffbecb85000 	C:\Windows\System32\shlwapi.dll
0x00007ffbeaef0000 - 0x00007ffbeaf0f000 	C:\Windows\SYSTEM32\profapi.dll
0x00007ffbc4390000 - 0x00007ffbc43aa000 	C:\Program Files\Android\Android Studio\jre\bin\net.dll
0x00007ffbd8790000 - 0x00007ffbd889b000 	C:\Windows\SYSTEM32\WINHTTP.dll
0x00007ffbea6c0000 - 0x00007ffbea72a000 	C:\Windows\system32\mswsock.dll
0x00007ffbc4370000 - 0x00007ffbc4384000 	C:\Program Files\Android\Android Studio\jre\bin\nio.dll
0x00007ffbdbaa0000 - 0x00007ffbdbac6000 	C:\Users\princ\.gradle\native\fdc75f09e3144964f2cf3f50f0aa648679c211496f362492102eb8c894070792\windows-amd64\native-platform.dll
0x00007ffbbcd40000 - 0x00007ffbbced1000 	C:\Users\princ\.gradle\native\12488b8bf47d2d4c9fbf2f6322a914ad602e24e48041cd04a747c6da556b65c4\windows-amd64\native-platform-file-events.dll
0x00007ffbd9080000 - 0x00007ffbd908a000 	C:\Program Files\Android\Android Studio\jre\bin\management.dll
0x00007ffbd82d0000 - 0x00007ffbd82dc000 	C:\Program Files\Android\Android Studio\jre\bin\management_ext.dll
0x00007ffbea890000 - 0x00007ffbea8a8000 	C:\Windows\SYSTEM32\CRYPTSP.dll
0x00007ffbea060000 - 0x00007ffbea094000 	C:\Windows\system32\rsaenh.dll
0x00007ffbeb8a0000 - 0x00007ffbeb8c7000 	C:\Windows\System32\bcrypt.dll
0x00007ffbeaeb0000 - 0x00007ffbeaede000 	C:\Windows\SYSTEM32\USERENV.dll
0x00007ffbea8b0000 - 0x00007ffbea8bc000 	C:\Windows\SYSTEM32\CRYPTBASE.dll
0x00007ffbea3b0000 - 0x00007ffbea3eb000 	C:\Windows\SYSTEM32\IPHLPAPI.DLL
0x00007ffbecdc0000 - 0x00007ffbecdc8000 	C:\Windows\System32\NSI.dll
0x00007ffbdd3b0000 - 0x00007ffbdd3c7000 	C:\Windows\SYSTEM32\dhcpcsvc6.DLL
0x00007ffbdd480000 - 0x00007ffbdd49d000 	C:\Windows\SYSTEM32\dhcpcsvc.DLL
0x00007ffbea3f0000 - 0x00007ffbea4bc000 	C:\Windows\SYSTEM32\DNSAPI.dll
0x00007ffbdd7c0000 - 0x00007ffbdd7cb000 	C:\Windows\SYSTEM32\WINNSI.DLL
0x00007ffbc2930000 - 0x00007ffbc2957000 	C:\Program Files\Android\Android Studio\jre\bin\sunec.dll
0x00007ffbd7890000 - 0x00007ffbd789a000 	C:\Windows\System32\rasadhlp.dll
0x00007ffbd8520000 - 0x00007ffbd859f000 	C:\Windows\System32\fwpuclnt.dll

dbghelp: loaded successfully - version: 4.0.5 - missing functions: none
symbol engine: initialized successfully - sym options: 0x614 - pdb path: .;C:\Program Files\Android\Android Studio\jre\bin;C:\Windows\SYSTEM32;C:\Windows\WinSxS\amd64_microsoft.windows.common-controls_6595b64144ccf1df_6.0.19041.844_none_ca00b6081b84eb1d;C:\Program Files\Android\Android Studio\jre\bin\server;C:\Users\princ\.gradle\native\fdc75f09e3144964f2cf3f50f0aa648679c211496f362492102eb8c894070792\windows-amd64;C:\Users\princ\.gradle\native\12488b8bf47d2d4c9fbf2f6322a914ad602e24e48041cd04a747c6da556b65c4\windows-amd64

VM Arguments:
jvm_args: --add-opens=java.base/java.util=ALL-UNNAMED --add-opens=java.base/java.lang=ALL-UNNAMED --add-opens=java.base/java.lang.invoke=ALL-UNNAMED --add-opens=java.prefs/java.util.prefs=ALL-UNNAMED -Xmx2048m -Dfile.encoding=UTF-8 -Duser.country=US -Duser.language=en -Duser.variant 
java_command: org.gradle.launcher.daemon.bootstrap.GradleDaemon 6.7.1
java_class_path (initial): C:\Users\princ\.gradle\wrapper\dists\gradle-6.7.1-bin\bwlcbys1h7rz3272sye1xwiv6\gradle-6.7.1\lib\gradle-launcher-6.7.1.jar
Launcher Type: SUN_STANDARD

[Global flags]
     intx CICompilerCount                          = 3                                         {product} {ergonomic}
     uint ConcGCThreads                            = 1                                         {product} {ergonomic}
     uint G1ConcRefinementThreads                  = 4                                         {product} {ergonomic}
   size_t G1HeapRegionSize                         = 1048576                                   {product} {ergonomic}
    uintx GCDrainStackTargetSize                   = 64                                        {product} {ergonomic}
   size_t InitialHeapSize                          = 199229440                                 {product} {ergonomic}
   size_t MarkStackSize                            = 4194304                                   {product} {ergonomic}
   size_t MaxHeapSize                              = 2147483648                                {product} {command line}
   size_t MaxNewSize                               = 1287651328                                {product} {ergonomic}
   size_t MinHeapDeltaBytes                        = 1048576                                   {product} {ergonomic}
    uintx NonNMethodCodeHeapSize                   = 5830732                                {pd product} {ergonomic}
    uintx NonProfiledCodeHeapSize                  = 122913754                              {pd product} {ergonomic}
    uintx ProfiledCodeHeapSize                     = 122913754                              {pd product} {ergonomic}
    uintx ReservedCodeCacheSize                    = 251658240                              {pd product} {ergonomic}
     bool SegmentedCodeCache                       = true                                      {product} {ergonomic}
     bool UseCompressedClassPointers               = true                                 {lp64_product} {ergonomic}
     bool UseCompressedOops                        = true                                 {lp64_product} {ergonomic}
     bool UseG1GC                                  = true                                      {product} {ergonomic}
     bool UseLargePagesIndividualAllocation        = false                                  {pd product} {ergonomic}

Logging:
Log output configuration:
 #0: stdout all=warning uptime,level,tags
 #1: stderr all=off uptime,level,tags

Environment Variables:
JAVA_HOME=C:\Program Files\Java\jdk1.8.0_191
JRE_HOME=C:\Program Files\Java\jre1.8.0_191
PATH=C:\Program Files (x86)\mingw-w64\i686-8.1.0-posix-dwarf-rt_v6-rev0\mingw32\bin;C:\oraclexe\app\oracle\product\10.2.0\server\bin;C:\Program Files (x86)\Common Files\Oracle\Java\javapath;C:\Windows\system32;C:\Windows;C:\Windows\System32\Wbem;C:\Windows\System32\WindowsPowerShell\v1.0\;C:\Windows\System32\OpenSSH\;C:\Windows\System32;C:\flutter\bin;C:\Program Files\Java\jdk1.8.0_191\bin;C:\Program Files\Git\cmd;C:\Users\princ\AppData\Local\Programs\Python\Python39\Scripts\;C:\Users\princ\AppData\Local\Programs\Python\Python39\;C:\Program Files\Java\jdk1.8.0_191\bin;C:\Users\princ\AppData\Local\Programs\Microsoft VS Code\bin
USERNAME=princ
OS=Windows_NT
PROCESSOR_IDENTIFIER=Intel64 Family 6 Model 78 Stepping 3, GenuineIntel



---------------  S Y S T E M  ---------------

OS: Windows 10 , 64 bit Build 19041 (10.0.19041.928)
OS uptime: 6 days 2:35 hours

CPU:total 4 (initial active 4) (2 cores per cpu, 2 threads per core) family 6 model 78 stepping 3, cmov, cx8, fxsr, mmx, sse, sse2, sse3, ssse3, sse4.1, sse4.2, popcnt, avx, avx2, aes, clmul, erms, 3dnowpref, lzcnt, ht, tsc, tscinvbit, bmi1, bmi2, adx, fma

Memory: 4k page, system-wide physical 12157M (1549M free)
TotalPageFile size 30658M (AvailPageFile size 169M)
current process WorkingSet (physical memory assigned to process): 289M, peak: 657M
current process commit charge ("private bytes"): 726M, peak: 1025M

vm_info: OpenJDK 64-Bit Server VM (11.0.8+10-b944.6842174) for windows-amd64 JRE (11.0.8+10-b944.6842174), built on Sep 19 2020 01:11:42 by "builder" with MS VC++ 14.0 (VS2015)

END.
